2018-04-22 17:44:45 [][-][-][error][ReflectionException] ReflectionException: Class yii\debug\Module does not exist in F:\xampp\htdocs\codeception.local\vendor\yiisoft\yii2\di\Container.php:428
Stack trace:
#0 F:\xampp\htdocs\codeception.local\vendor\yiisoft\yii2\di\Container.php(428): ReflectionClass->__construct('yii\\debug\\Modul...')
#1 F:\xampp\htdocs\codeception.local\vendor\yiisoft\yii2\di\Container.php(364): yii\di\Container->getDependencies('yii\\debug\\Modul...')
#2 F:\xampp\htdocs\codeception.local\vendor\yiisoft\yii2\di\Container.php(156): yii\di\Container->build('yii\\debug\\Modul...', Array, Array)
#3 F:\xampp\htdocs\codeception.local\vendor\yiisoft\yii2\BaseYii.php(349): yii\di\Container->get('yii\\debug\\Modul...', Array, Array)
#4 F:\xampp\htdocs\codeception.local\vendor\yiisoft\yii2\base\Module.php(427): yii\BaseYii::createObject(Array, Array)
#5 F:\xampp\htdocs\codeception.local\vendor\yiisoft\yii2\base\Application.php(315): yii\base\Module->getModule('debug')
#6 F:\xampp\htdocs\codeception.local\vendor\yiisoft\yii2\web\Application.php(69): yii\base\Application->bootstrap()
#7 F:\xampp\htdocs\codeception.local\vendor\yiisoft\yii2\base\Application.php(273): yii\web\Application->bootstrap()
#8 F:\xampp\htdocs\codeception.local\vendor\yiisoft\yii2\base\BaseObject.php(109): yii\base\Application->init()
#9 F:\xampp\htdocs\codeception.local\vendor\yiisoft\yii2\base\Application.php(206): yii\base\BaseObject->__construct(Array)
#10 F:\xampp\htdocs\codeception.local\tests\app.php(14): yii\base\Application->__construct(Array)
#11 {main}
2018-04-22 17:44:45 [][-][-][info][application] $_GET = []

$_POST = []

$_FILES = []

$_COOKIE = []

$_SERVER = [
    'PROCESSOR_ARCHITEW6432' => 'AMD64'
    'PROMPT' => '$P$G'
    'USERDOMAIN_ROAMINGPROFILE' => 'DESKTOP-ECTIKE0'
    'LOCALAPPDATA' => 'C:\\Users\\NextGenThunder\\AppData\\Local'
    'PROCESSOR_LEVEL' => '6'
    'USERDOMAIN' => 'DESKTOP-ECTIKE0'
    'LOGONSERVER' => '\\\\DESKTOP-ECTIKE0'
    'SESSIONNAME' => 'Console'
    'ALLUSERSPROFILE' => 'C:\\ProgramData'
    'PROCESSOR_ARCHITECTURE' => 'x86'
    'PSModulePath' => 'C:\\Program Files\\WindowsPowerShell\\Modules;C:\\Windows\\system32\\WindowsPowerShell\\v1.0\\Modules'
    'SystemDrive' => 'C:'
    'OneDrive' => 'C:\\Users\\NextGenThunder\\OneDrive'
    'APPDATA' => 'C:\\Users\\NextGenThunder\\AppData\\Roaming'
    'MOZ_PLUGIN_PATH' => 'C:\\Program Files (x86)\\Foxit Software\\Foxit Reader\\plugins\\'
    'GTK_BASEPATH' => 'C:\\Program Files (x86)\\GtkSharp\\2.12\\'
    'USERNAME' => 'NextGenThunder'
    'ProgramFiles(x86)' => 'C:\\Program Files (x86)'
    'VBOX_MSI_INSTALL_PATH' => 'C:\\Program Files\\Oracle\\VirtualBox\\'
    'CommonProgramFiles' => 'C:\\Program Files (x86)\\Common Files'
    'Path' => 'C:\\Windows\\system32;C:\\Windows;C:\\Windows\\System32\\Wbem;C:\\Windows\\System32\\WindowsPowerShell\\v1.0\\;C:\\Program Files (x86)\\NVIDIA Corporation\\PhysX\\Common;C:\\HashiCorp\\Vagrant\\bin;F:\\xampp\\php;C:\\Program Files (x86)\\GtkSharp\\2.12\\bin;F:\\composer;C:\\Users\\NextGenThunder\\AppData\\Local\\Microsoft\\WindowsApps;C:\\Users\\NextGenThunder\\AppData\\Roaming\\Composer\\vendor\\bin'
    'PATHEXT' => '.COM;.EXE;.BAT;.CMD;.VBS;.VBE;.JS;.JSE;.WSF;.WSH;.MSC'
    'OS' => 'Windows_NT'
    'COMPUTERNAME' => 'DESKTOP-ECTIKE0'
    'PROCESSOR_REVISION' => '9e09'
    'CommonProgramW6432' => 'C:\\Program Files\\Common Files'
    'ComSpec' => 'C:\\Windows\\system32\\cmd.exe'
    'ProgramData' => 'C:\\ProgramData'
    'ProgramW6432' => 'C:\\Program Files'
    'HOMEPATH' => '\\Users\\NextGenThunder'
    'SystemRoot' => 'C:\\Windows'
    'TEMP' => 'C:\\Users\\NEXTGE~1\\AppData\\Local\\Temp'
    'HOMEDRIVE' => 'C:'
    'PROCESSOR_IDENTIFIER' => 'Intel64 Family 6 Model 158 Stepping 9, GenuineIntel'
    'USERPROFILE' => 'C:\\Users\\NextGenThunder'
    'TMP' => 'C:\\Users\\NEXTGE~1\\AppData\\Local\\Temp'
    'CommonProgramFiles(x86)' => 'C:\\Program Files (x86)\\Common Files'
    'ProgramFiles' => 'C:\\Program Files (x86)'
    'PUBLIC' => 'C:\\Users\\Public'
    'NUMBER_OF_PROCESSORS' => '8'
    'windir' => 'C:\\Windows'
    'PHP_SELF' => 'tests/app.php'
    'SCRIPT_NAME' => 'tests/app.php'
    'SCRIPT_FILENAME' => 'tests/app.php'
    'PATH_TRANSLATED' => 'tests/app.php'
    'DOCUMENT_ROOT' => ''
    'REQUEST_TIME_FLOAT' => 1524411885.0155
    'REQUEST_TIME' => 1524411885
    'argv' => [
        0 => 'tests/app.php'
    ]
    'argc' => 1
]
2018-04-22 17:45:23 [][-][-][error][ReflectionException] ReflectionException: Class yii\debug\Module does not exist in F:\xampp\htdocs\codeception.local\vendor\yiisoft\yii2\di\Container.php:428
Stack trace:
#0 F:\xampp\htdocs\codeception.local\vendor\yiisoft\yii2\di\Container.php(428): ReflectionClass->__construct('yii\\debug\\Modul...')
#1 F:\xampp\htdocs\codeception.local\vendor\yiisoft\yii2\di\Container.php(364): yii\di\Container->getDependencies('yii\\debug\\Modul...')
#2 F:\xampp\htdocs\codeception.local\vendor\yiisoft\yii2\di\Container.php(156): yii\di\Container->build('yii\\debug\\Modul...', Array, Array)
#3 F:\xampp\htdocs\codeception.local\vendor\yiisoft\yii2\BaseYii.php(349): yii\di\Container->get('yii\\debug\\Modul...', Array, Array)
#4 F:\xampp\htdocs\codeception.local\vendor\yiisoft\yii2\base\Module.php(427): yii\BaseYii::createObject(Array, Array)
#5 F:\xampp\htdocs\codeception.local\vendor\yiisoft\yii2\base\Application.php(315): yii\base\Module->getModule('debug')
#6 F:\xampp\htdocs\codeception.local\vendor\yiisoft\yii2\web\Application.php(69): yii\base\Application->bootstrap()
#7 F:\xampp\htdocs\codeception.local\vendor\yiisoft\yii2\base\Application.php(273): yii\web\Application->bootstrap()
#8 F:\xampp\htdocs\codeception.local\vendor\yiisoft\yii2\base\BaseObject.php(109): yii\base\Application->init()
#9 F:\xampp\htdocs\codeception.local\vendor\yiisoft\yii2\base\Application.php(206): yii\base\BaseObject->__construct(Array)
#10 F:\xampp\htdocs\codeception.local\tests\app.php(14): yii\base\Application->__construct(Array)
#11 {main}
2018-04-22 17:45:23 [][-][-][info][application] $_GET = []

$_POST = []

$_FILES = []

$_COOKIE = []

$_SERVER = [
    'PROCESSOR_ARCHITEW6432' => 'AMD64'
    'PROMPT' => '$P$G'
    'USERDOMAIN_ROAMINGPROFILE' => 'DESKTOP-ECTIKE0'
    'LOCALAPPDATA' => 'C:\\Users\\NextGenThunder\\AppData\\Local'
    'PROCESSOR_LEVEL' => '6'
    'USERDOMAIN' => 'DESKTOP-ECTIKE0'
    'LOGONSERVER' => '\\\\DESKTOP-ECTIKE0'
    'SESSIONNAME' => 'Console'
    'ALLUSERSPROFILE' => 'C:\\ProgramData'
    'PROCESSOR_ARCHITECTURE' => 'x86'
    'PSModulePath' => 'C:\\Program Files\\WindowsPowerShell\\Modules;C:\\Windows\\system32\\WindowsPowerShell\\v1.0\\Modules'
    'SystemDrive' => 'C:'
    'OneDrive' => 'C:\\Users\\NextGenThunder\\OneDrive'
    'APPDATA' => 'C:\\Users\\NextGenThunder\\AppData\\Roaming'
    'MOZ_PLUGIN_PATH' => 'C:\\Program Files (x86)\\Foxit Software\\Foxit Reader\\plugins\\'
    'GTK_BASEPATH' => 'C:\\Program Files (x86)\\GtkSharp\\2.12\\'
    'USERNAME' => 'NextGenThunder'
    'ProgramFiles(x86)' => 'C:\\Program Files (x86)'
    'VBOX_MSI_INSTALL_PATH' => 'C:\\Program Files\\Oracle\\VirtualBox\\'
    'CommonProgramFiles' => 'C:\\Program Files (x86)\\Common Files'
    'Path' => 'C:\\Windows\\system32;C:\\Windows;C:\\Windows\\System32\\Wbem;C:\\Windows\\System32\\WindowsPowerShell\\v1.0\\;C:\\Program Files (x86)\\NVIDIA Corporation\\PhysX\\Common;C:\\HashiCorp\\Vagrant\\bin;F:\\xampp\\php;C:\\Program Files (x86)\\GtkSharp\\2.12\\bin;F:\\composer;C:\\Users\\NextGenThunder\\AppData\\Local\\Microsoft\\WindowsApps;C:\\Users\\NextGenThunder\\AppData\\Roaming\\Composer\\vendor\\bin'
    'PATHEXT' => '.COM;.EXE;.BAT;.CMD;.VBS;.VBE;.JS;.JSE;.WSF;.WSH;.MSC'
    'OS' => 'Windows_NT'
    'COMPUTERNAME' => 'DESKTOP-ECTIKE0'
    'PROCESSOR_REVISION' => '9e09'
    'CommonProgramW6432' => 'C:\\Program Files\\Common Files'
    'ComSpec' => 'C:\\Windows\\system32\\cmd.exe'
    'ProgramData' => 'C:\\ProgramData'
    'ProgramW6432' => 'C:\\Program Files'
    'HOMEPATH' => '\\Users\\NextGenThunder'
    'SystemRoot' => 'C:\\Windows'
    'TEMP' => 'C:\\Users\\NEXTGE~1\\AppData\\Local\\Temp'
    'HOMEDRIVE' => 'C:'
    'PROCESSOR_IDENTIFIER' => 'Intel64 Family 6 Model 158 Stepping 9, GenuineIntel'
    'USERPROFILE' => 'C:\\Users\\NextGenThunder'
    'TMP' => 'C:\\Users\\NEXTGE~1\\AppData\\Local\\Temp'
    'CommonProgramFiles(x86)' => 'C:\\Program Files (x86)\\Common Files'
    'ProgramFiles' => 'C:\\Program Files (x86)'
    'PUBLIC' => 'C:\\Users\\Public'
    'NUMBER_OF_PROCESSORS' => '8'
    'windir' => 'C:\\Windows'
    'PHP_SELF' => 'tests/app.php'
    'SCRIPT_NAME' => 'tests/app.php'
    'SCRIPT_FILENAME' => 'tests/app.php'
    'PATH_TRANSLATED' => 'tests/app.php'
    'DOCUMENT_ROOT' => ''
    'REQUEST_TIME_FLOAT' => 1524411923.1264
    'REQUEST_TIME' => 1524411923
    'argv' => [
        0 => 'tests/app.php'
    ]
    'argc' => 1
]
2018-04-22 17:46:34 [][-][-][error][ReflectionException] ReflectionException: Class yii\debug\Module does not exist in F:\xampp\htdocs\codeception.local\vendor\yiisoft\yii2\di\Container.php:428
Stack trace:
#0 F:\xampp\htdocs\codeception.local\vendor\yiisoft\yii2\di\Container.php(428): ReflectionClass->__construct('yii\\debug\\Modul...')
#1 F:\xampp\htdocs\codeception.local\vendor\yiisoft\yii2\di\Container.php(364): yii\di\Container->getDependencies('yii\\debug\\Modul...')
#2 F:\xampp\htdocs\codeception.local\vendor\yiisoft\yii2\di\Container.php(156): yii\di\Container->build('yii\\debug\\Modul...', Array, Array)
#3 F:\xampp\htdocs\codeception.local\vendor\yiisoft\yii2\BaseYii.php(349): yii\di\Container->get('yii\\debug\\Modul...', Array, Array)
#4 F:\xampp\htdocs\codeception.local\vendor\yiisoft\yii2\base\Module.php(427): yii\BaseYii::createObject(Array, Array)
#5 F:\xampp\htdocs\codeception.local\vendor\yiisoft\yii2\base\Application.php(315): yii\base\Module->getModule('debug')
#6 F:\xampp\htdocs\codeception.local\vendor\yiisoft\yii2\web\Application.php(69): yii\base\Application->bootstrap()
#7 F:\xampp\htdocs\codeception.local\vendor\yiisoft\yii2\base\Application.php(273): yii\web\Application->bootstrap()
#8 F:\xampp\htdocs\codeception.local\vendor\yiisoft\yii2\base\BaseObject.php(109): yii\base\Application->init()
#9 F:\xampp\htdocs\codeception.local\vendor\yiisoft\yii2\base\Application.php(206): yii\base\BaseObject->__construct(Array)
#10 F:\xampp\htdocs\codeception.local\tests\app.php(14): yii\base\Application->__construct(Array)
#11 {main}
2018-04-22 17:46:34 [][-][-][info][application] $_GET = []

$_POST = []

$_FILES = []

$_COOKIE = []

$_SERVER = [
    'PROCESSOR_ARCHITEW6432' => 'AMD64'
    'PROMPT' => '$P$G'
    'USERDOMAIN_ROAMINGPROFILE' => 'DESKTOP-ECTIKE0'
    'LOCALAPPDATA' => 'C:\\Users\\NextGenThunder\\AppData\\Local'
    'PROCESSOR_LEVEL' => '6'
    'USERDOMAIN' => 'DESKTOP-ECTIKE0'
    'LOGONSERVER' => '\\\\DESKTOP-ECTIKE0'
    'SESSIONNAME' => 'Console'
    'ALLUSERSPROFILE' => 'C:\\ProgramData'
    'PROCESSOR_ARCHITECTURE' => 'x86'
    'PSModulePath' => 'C:\\Program Files\\WindowsPowerShell\\Modules;C:\\Windows\\system32\\WindowsPowerShell\\v1.0\\Modules'
    'SystemDrive' => 'C:'
    'OneDrive' => 'C:\\Users\\NextGenThunder\\OneDrive'
    'APPDATA' => 'C:\\Users\\NextGenThunder\\AppData\\Roaming'
    'MOZ_PLUGIN_PATH' => 'C:\\Program Files (x86)\\Foxit Software\\Foxit Reader\\plugins\\'
    'GTK_BASEPATH' => 'C:\\Program Files (x86)\\GtkSharp\\2.12\\'
    'USERNAME' => 'NextGenThunder'
    'ProgramFiles(x86)' => 'C:\\Program Files (x86)'
    'VBOX_MSI_INSTALL_PATH' => 'C:\\Program Files\\Oracle\\VirtualBox\\'
    'CommonProgramFiles' => 'C:\\Program Files (x86)\\Common Files'
    'Path' => 'C:\\Windows\\system32;C:\\Windows;C:\\Windows\\System32\\Wbem;C:\\Windows\\System32\\WindowsPowerShell\\v1.0\\;C:\\Program Files (x86)\\NVIDIA Corporation\\PhysX\\Common;C:\\HashiCorp\\Vagrant\\bin;F:\\xampp\\php;C:\\Program Files (x86)\\GtkSharp\\2.12\\bin;F:\\composer;C:\\Users\\NextGenThunder\\AppData\\Local\\Microsoft\\WindowsApps;C:\\Users\\NextGenThunder\\AppData\\Roaming\\Composer\\vendor\\bin'
    'PATHEXT' => '.COM;.EXE;.BAT;.CMD;.VBS;.VBE;.JS;.JSE;.WSF;.WSH;.MSC'
    'OS' => 'Windows_NT'
    'COMPUTERNAME' => 'DESKTOP-ECTIKE0'
    'PROCESSOR_REVISION' => '9e09'
    'CommonProgramW6432' => 'C:\\Program Files\\Common Files'
    'ComSpec' => 'C:\\Windows\\system32\\cmd.exe'
    'ProgramData' => 'C:\\ProgramData'
    'ProgramW6432' => 'C:\\Program Files'
    'HOMEPATH' => '\\Users\\NextGenThunder'
    'SystemRoot' => 'C:\\Windows'
    'TEMP' => 'C:\\Users\\NEXTGE~1\\AppData\\Local\\Temp'
    'HOMEDRIVE' => 'C:'
    'PROCESSOR_IDENTIFIER' => 'Intel64 Family 6 Model 158 Stepping 9, GenuineIntel'
    'USERPROFILE' => 'C:\\Users\\NextGenThunder'
    'TMP' => 'C:\\Users\\NEXTGE~1\\AppData\\Local\\Temp'
    'CommonProgramFiles(x86)' => 'C:\\Program Files (x86)\\Common Files'
    'ProgramFiles' => 'C:\\Program Files (x86)'
    'PUBLIC' => 'C:\\Users\\Public'
    'NUMBER_OF_PROCESSORS' => '8'
    'windir' => 'C:\\Windows'
    'PHP_SELF' => 'tests/app.php'
    'SCRIPT_NAME' => 'tests/app.php'
    'SCRIPT_FILENAME' => 'tests/app.php'
    'PATH_TRANSLATED' => 'tests/app.php'
    'DOCUMENT_ROOT' => ''
    'REQUEST_TIME_FLOAT' => 1524411994.6404
    'REQUEST_TIME' => 1524411994
    'argv' => [
        0 => 'tests/app.php'
    ]
    'argc' => 1
]
2018-04-22 18:04:27 [-][-][-][error][ReflectionException] ReflectionException: Class yii\gii\Module does not exist in F:\xampp\htdocs\codeception.local\vendor\yiisoft\yii2\di\Container.php:428
Stack trace:
#0 F:\xampp\htdocs\codeception.local\vendor\yiisoft\yii2\di\Container.php(428): ReflectionClass->__construct('yii\\gii\\Module')
#1 F:\xampp\htdocs\codeception.local\vendor\yiisoft\yii2\di\Container.php(364): yii\di\Container->getDependencies('yii\\gii\\Module')
#2 F:\xampp\htdocs\codeception.local\vendor\yiisoft\yii2\di\Container.php(156): yii\di\Container->build('yii\\gii\\Module', Array, Array)
#3 F:\xampp\htdocs\codeception.local\vendor\yiisoft\yii2\BaseYii.php(349): yii\di\Container->get('yii\\gii\\Module', Array, Array)
#4 F:\xampp\htdocs\codeception.local\vendor\yiisoft\yii2\base\Module.php(427): yii\BaseYii::createObject(Array, Array)
#5 F:\xampp\htdocs\codeception.local\vendor\yiisoft\yii2\base\Application.php(315): yii\base\Module->getModule('gii')
#6 F:\xampp\htdocs\codeception.local\vendor\yiisoft\yii2\base\Application.php(273): yii\base\Application->bootstrap()
#7 F:\xampp\htdocs\codeception.local\vendor\yiisoft\yii2\console\Application.php(124): yii\base\Application->init()
#8 F:\xampp\htdocs\codeception.local\vendor\yiisoft\yii2\base\BaseObject.php(109): yii\console\Application->init()
#9 F:\xampp\htdocs\codeception.local\vendor\yiisoft\yii2\base\Application.php(206): yii\base\BaseObject->__construct(Array)
#10 F:\xampp\htdocs\codeception.local\vendor\yiisoft\yii2\console\Application.php(89): yii\base\Application->__construct(Array)
#11 F:\xampp\htdocs\codeception.local\yii(19): yii\console\Application->__construct(Array)
#12 {main}
2018-04-22 18:04:27 [-][-][-][info][application] $_GET = []

$_POST = []

$_FILES = []

$_COOKIE = []

$_SERVER = [
    'PROCESSOR_ARCHITEW6432' => 'AMD64'
    'PROMPT' => '$P$G'
    'USERDOMAIN_ROAMINGPROFILE' => 'DESKTOP-ECTIKE0'
    'LOCALAPPDATA' => 'C:\\Users\\NextGenThunder\\AppData\\Local'
    'PROCESSOR_LEVEL' => '6'
    'USERDOMAIN' => 'DESKTOP-ECTIKE0'
    'LOGONSERVER' => '\\\\DESKTOP-ECTIKE0'
    'SESSIONNAME' => 'Console'
    'ALLUSERSPROFILE' => 'C:\\ProgramData'
    'PROCESSOR_ARCHITECTURE' => 'x86'
    'PSModulePath' => 'C:\\Program Files\\WindowsPowerShell\\Modules;C:\\Windows\\system32\\WindowsPowerShell\\v1.0\\Modules'
    'SystemDrive' => 'C:'
    'OneDrive' => 'C:\\Users\\NextGenThunder\\OneDrive'
    'APPDATA' => 'C:\\Users\\NextGenThunder\\AppData\\Roaming'
    'MOZ_PLUGIN_PATH' => 'C:\\Program Files (x86)\\Foxit Software\\Foxit Reader\\plugins\\'
    'GTK_BASEPATH' => 'C:\\Program Files (x86)\\GtkSharp\\2.12\\'
    'USERNAME' => 'NextGenThunder'
    'ProgramFiles(x86)' => 'C:\\Program Files (x86)'
    'VBOX_MSI_INSTALL_PATH' => 'C:\\Program Files\\Oracle\\VirtualBox\\'
    'CommonProgramFiles' => 'C:\\Program Files (x86)\\Common Files'
    'Path' => 'C:\\Windows\\system32;C:\\Windows;C:\\Windows\\System32\\Wbem;C:\\Windows\\System32\\WindowsPowerShell\\v1.0\\;C:\\Program Files (x86)\\NVIDIA Corporation\\PhysX\\Common;C:\\HashiCorp\\Vagrant\\bin;F:\\xampp\\php;C:\\Program Files (x86)\\GtkSharp\\2.12\\bin;F:\\composer;C:\\Users\\NextGenThunder\\AppData\\Local\\Microsoft\\WindowsApps;C:\\Users\\NextGenThunder\\AppData\\Roaming\\Composer\\vendor\\bin'
    'PATHEXT' => '.COM;.EXE;.BAT;.CMD;.VBS;.VBE;.JS;.JSE;.WSF;.WSH;.MSC'
    'OS' => 'Windows_NT'
    'COMPUTERNAME' => 'DESKTOP-ECTIKE0'
    'PROCESSOR_REVISION' => '9e09'
    'CommonProgramW6432' => 'C:\\Program Files\\Common Files'
    'ComSpec' => 'C:\\Windows\\system32\\cmd.exe'
    'ProgramData' => 'C:\\ProgramData'
    'ProgramW6432' => 'C:\\Program Files'
    'HOMEPATH' => '\\Users\\NextGenThunder'
    'SystemRoot' => 'C:\\Windows'
    'TEMP' => 'C:\\Users\\NEXTGE~1\\AppData\\Local\\Temp'
    'HOMEDRIVE' => 'C:'
    'PROCESSOR_IDENTIFIER' => 'Intel64 Family 6 Model 158 Stepping 9, GenuineIntel'
    'USERPROFILE' => 'C:\\Users\\NextGenThunder'
    'TMP' => 'C:\\Users\\NEXTGE~1\\AppData\\Local\\Temp'
    'CommonProgramFiles(x86)' => 'C:\\Program Files (x86)\\Common Files'
    'ProgramFiles' => 'C:\\Program Files (x86)'
    'PUBLIC' => 'C:\\Users\\Public'
    'NUMBER_OF_PROCESSORS' => '8'
    'windir' => 'C:\\Windows'
    'PHP_SELF' => 'yii'
    'SCRIPT_NAME' => 'yii'
    'SCRIPT_FILENAME' => 'yii'
    'PATH_TRANSLATED' => 'yii'
    'DOCUMENT_ROOT' => ''
    'REQUEST_TIME_FLOAT' => 1524413067.3936
    'REQUEST_TIME' => 1524413067
    'argv' => [
        0 => 'yii'
        1 => 'migrate/create'
        2 => 'create_user_table'
    ]
    'argc' => 3
]
2018-04-22 18:32:26 [][-][-][error][Error] Error: Class 'tests\User' not found in F:\xampp\htdocs\codeception.local\tests\app.php:5
Stack trace:
#0 {main}
2018-04-22 18:32:26 [][-][-][info][application] $_GET = []

$_POST = []

$_FILES = []

$_COOKIE = []

$_SERVER = [
    'PROCESSOR_ARCHITEW6432' => 'AMD64'
    'PROMPT' => '$P$G'
    'USERDOMAIN_ROAMINGPROFILE' => 'DESKTOP-ECTIKE0'
    'LOCALAPPDATA' => 'C:\\Users\\NextGenThunder\\AppData\\Local'
    'PROCESSOR_LEVEL' => '6'
    'USERDOMAIN' => 'DESKTOP-ECTIKE0'
    'LOGONSERVER' => '\\\\DESKTOP-ECTIKE0'
    'SESSIONNAME' => 'Console'
    'ALLUSERSPROFILE' => 'C:\\ProgramData'
    'PROCESSOR_ARCHITECTURE' => 'x86'
    'PSModulePath' => 'C:\\Program Files\\WindowsPowerShell\\Modules;C:\\Windows\\system32\\WindowsPowerShell\\v1.0\\Modules'
    'SystemDrive' => 'C:'
    'OneDrive' => 'C:\\Users\\NextGenThunder\\OneDrive'
    'APPDATA' => 'C:\\Users\\NextGenThunder\\AppData\\Roaming'
    'MOZ_PLUGIN_PATH' => 'C:\\Program Files (x86)\\Foxit Software\\Foxit Reader\\plugins\\'
    'GTK_BASEPATH' => 'C:\\Program Files (x86)\\GtkSharp\\2.12\\'
    'USERNAME' => 'NextGenThunder'
    'ProgramFiles(x86)' => 'C:\\Program Files (x86)'
    'VBOX_MSI_INSTALL_PATH' => 'C:\\Program Files\\Oracle\\VirtualBox\\'
    'CommonProgramFiles' => 'C:\\Program Files (x86)\\Common Files'
    'Path' => 'C:\\Windows\\system32;C:\\Windows;C:\\Windows\\System32\\Wbem;C:\\Windows\\System32\\WindowsPowerShell\\v1.0\\;C:\\Program Files (x86)\\NVIDIA Corporation\\PhysX\\Common;C:\\HashiCorp\\Vagrant\\bin;F:\\xampp\\php;C:\\Program Files (x86)\\GtkSharp\\2.12\\bin;F:\\composer;C:\\Users\\NextGenThunder\\AppData\\Local\\Microsoft\\WindowsApps;C:\\Users\\NextGenThunder\\AppData\\Roaming\\Composer\\vendor\\bin'
    'PATHEXT' => '.COM;.EXE;.BAT;.CMD;.VBS;.VBE;.JS;.JSE;.WSF;.WSH;.MSC'
    'OS' => 'Windows_NT'
    'COMPUTERNAME' => 'DESKTOP-ECTIKE0'
    'PROCESSOR_REVISION' => '9e09'
    'CommonProgramW6432' => 'C:\\Program Files\\Common Files'
    'ComSpec' => 'C:\\Windows\\system32\\cmd.exe'
    'ProgramData' => 'C:\\ProgramData'
    'ProgramW6432' => 'C:\\Program Files'
    'HOMEPATH' => '\\Users\\NextGenThunder'
    'SystemRoot' => 'C:\\Windows'
    'TEMP' => 'C:\\Users\\NEXTGE~1\\AppData\\Local\\Temp'
    'HOMEDRIVE' => 'C:'
    'PROCESSOR_IDENTIFIER' => 'Intel64 Family 6 Model 158 Stepping 9, GenuineIntel'
    'USERPROFILE' => 'C:\\Users\\NextGenThunder'
    'TMP' => 'C:\\Users\\NEXTGE~1\\AppData\\Local\\Temp'
    'CommonProgramFiles(x86)' => 'C:\\Program Files (x86)\\Common Files'
    'ProgramFiles' => 'C:\\Program Files (x86)'
    'PUBLIC' => 'C:\\Users\\Public'
    'NUMBER_OF_PROCESSORS' => '8'
    'windir' => 'C:\\Windows'
    'PHP_SELF' => 'tests/app.php'
    'SCRIPT_NAME' => 'tests/app.php'
    'SCRIPT_FILENAME' => 'tests/app.php'
    'PATH_TRANSLATED' => 'tests/app.php'
    'DOCUMENT_ROOT' => ''
    'REQUEST_TIME_FLOAT' => 1524414746.1169
    'REQUEST_TIME' => 1524414746
    'argv' => [
        0 => 'tests/app.php'
    ]
    'argc' => 1
]
2018-04-22 18:34:22 [][-][-][error][Error] Error: Class 'tests\models\User' not found in F:\xampp\htdocs\codeception.local\tests\app.php:9
Stack trace:
#0 {main}
2018-04-22 18:34:22 [][-][-][info][application] $_GET = []

$_POST = []

$_FILES = []

$_COOKIE = []

$_SERVER = [
    'PROCESSOR_ARCHITEW6432' => 'AMD64'
    'PROMPT' => '$P$G'
    'USERDOMAIN_ROAMINGPROFILE' => 'DESKTOP-ECTIKE0'
    'LOCALAPPDATA' => 'C:\\Users\\NextGenThunder\\AppData\\Local'
    'PROCESSOR_LEVEL' => '6'
    'USERDOMAIN' => 'DESKTOP-ECTIKE0'
    'LOGONSERVER' => '\\\\DESKTOP-ECTIKE0'
    'SESSIONNAME' => 'Console'
    'ALLUSERSPROFILE' => 'C:\\ProgramData'
    'PROCESSOR_ARCHITECTURE' => 'x86'
    'PSModulePath' => 'C:\\Program Files\\WindowsPowerShell\\Modules;C:\\Windows\\system32\\WindowsPowerShell\\v1.0\\Modules'
    'SystemDrive' => 'C:'
    'OneDrive' => 'C:\\Users\\NextGenThunder\\OneDrive'
    'APPDATA' => 'C:\\Users\\NextGenThunder\\AppData\\Roaming'
    'MOZ_PLUGIN_PATH' => 'C:\\Program Files (x86)\\Foxit Software\\Foxit Reader\\plugins\\'
    'GTK_BASEPATH' => 'C:\\Program Files (x86)\\GtkSharp\\2.12\\'
    'USERNAME' => 'NextGenThunder'
    'ProgramFiles(x86)' => 'C:\\Program Files (x86)'
    'VBOX_MSI_INSTALL_PATH' => 'C:\\Program Files\\Oracle\\VirtualBox\\'
    'CommonProgramFiles' => 'C:\\Program Files (x86)\\Common Files'
    'Path' => 'C:\\Windows\\system32;C:\\Windows;C:\\Windows\\System32\\Wbem;C:\\Windows\\System32\\WindowsPowerShell\\v1.0\\;C:\\Program Files (x86)\\NVIDIA Corporation\\PhysX\\Common;C:\\HashiCorp\\Vagrant\\bin;F:\\xampp\\php;C:\\Program Files (x86)\\GtkSharp\\2.12\\bin;F:\\composer;C:\\Users\\NextGenThunder\\AppData\\Local\\Microsoft\\WindowsApps;C:\\Users\\NextGenThunder\\AppData\\Roaming\\Composer\\vendor\\bin'
    'PATHEXT' => '.COM;.EXE;.BAT;.CMD;.VBS;.VBE;.JS;.JSE;.WSF;.WSH;.MSC'
    'OS' => 'Windows_NT'
    'COMPUTERNAME' => 'DESKTOP-ECTIKE0'
    'PROCESSOR_REVISION' => '9e09'
    'CommonProgramW6432' => 'C:\\Program Files\\Common Files'
    'ComSpec' => 'C:\\Windows\\system32\\cmd.exe'
    'ProgramData' => 'C:\\ProgramData'
    'ProgramW6432' => 'C:\\Program Files'
    'HOMEPATH' => '\\Users\\NextGenThunder'
    'SystemRoot' => 'C:\\Windows'
    'TEMP' => 'C:\\Users\\NEXTGE~1\\AppData\\Local\\Temp'
    'HOMEDRIVE' => 'C:'
    'PROCESSOR_IDENTIFIER' => 'Intel64 Family 6 Model 158 Stepping 9, GenuineIntel'
    'USERPROFILE' => 'C:\\Users\\NextGenThunder'
    'TMP' => 'C:\\Users\\NEXTGE~1\\AppData\\Local\\Temp'
    'CommonProgramFiles(x86)' => 'C:\\Program Files (x86)\\Common Files'
    'ProgramFiles' => 'C:\\Program Files (x86)'
    'PUBLIC' => 'C:\\Users\\Public'
    'NUMBER_OF_PROCESSORS' => '8'
    'windir' => 'C:\\Windows'
    'PHP_SELF' => 'tests/app.php'
    'SCRIPT_NAME' => 'tests/app.php'
    'SCRIPT_FILENAME' => 'tests/app.php'
    'PATH_TRANSLATED' => 'tests/app.php'
    'DOCUMENT_ROOT' => ''
    'REQUEST_TIME_FLOAT' => 1524414862.5866
    'REQUEST_TIME' => 1524414862
    'argv' => [
        0 => 'tests/app.php'
    ]
    'argc' => 1
]
2018-04-23 06:32:27 [-][-][-][error][yii\console\UnknownCommandException] yii\base\InvalidRouteException: Unable to resolve the request "tests/app.php". in F:\xampp\htdocs\codeception.local\vendor\yiisoft\yii2\base\Module.php:537
Stack trace:
#0 F:\xampp\htdocs\codeception.local\vendor\yiisoft\yii2\console\Application.php(180): yii\base\Module->runAction('tests/app.php', Array)
#1 F:\xampp\htdocs\codeception.local\vendor\yiisoft\yii2\console\Application.php(147): yii\console\Application->runAction('tests/app.php', Array)
#2 F:\xampp\htdocs\codeception.local\vendor\yiisoft\yii2\base\Application.php(386): yii\console\Application->handleRequest(Object(yii\console\Request))
#3 F:\xampp\htdocs\codeception.local\yii(20): yii\base\Application->run()
#4 {main}

Next yii\console\UnknownCommandException: Unknown command "tests/app.php". in F:\xampp\htdocs\codeception.local\vendor\yiisoft\yii2\console\Application.php:183
Stack trace:
#0 F:\xampp\htdocs\codeception.local\vendor\yiisoft\yii2\console\Application.php(147): yii\console\Application->runAction('tests/app.php', Array)
#1 F:\xampp\htdocs\codeception.local\vendor\yiisoft\yii2\base\Application.php(386): yii\console\Application->handleRequest(Object(yii\console\Request))
#2 F:\xampp\htdocs\codeception.local\yii(20): yii\base\Application->run()
#3 {main}
2018-04-23 06:32:27 [-][-][-][info][application] $_GET = []

$_POST = []

$_FILES = []

$_COOKIE = []

$_SERVER = [
    'PROCESSOR_ARCHITEW6432' => 'AMD64'
    'PROMPT' => '$P$G'
    'USERDOMAIN_ROAMINGPROFILE' => 'DESKTOP-ECTIKE0'
    'LOCALAPPDATA' => 'C:\\Users\\NextGenThunder\\AppData\\Local'
    'PROCESSOR_LEVEL' => '6'
    'USERDOMAIN' => 'DESKTOP-ECTIKE0'
    'FPS_BROWSER_APP_PROFILE_STRING' => 'Internet Explorer'
    'LOGONSERVER' => '\\\\DESKTOP-ECTIKE0'
    'SESSIONNAME' => 'Console'
    'ALLUSERSPROFILE' => 'C:\\ProgramData'
    'PROCESSOR_ARCHITECTURE' => 'x86'
    'PSModulePath' => 'C:\\Program Files\\WindowsPowerShell\\Modules;C:\\Windows\\system32\\WindowsPowerShell\\v1.0\\Modules'
    'SystemDrive' => 'C:'
    'OneDrive' => 'C:\\Users\\NextGenThunder\\OneDrive'
    'APPDATA' => 'C:\\Users\\NextGenThunder\\AppData\\Roaming'
    'MOZ_PLUGIN_PATH' => 'C:\\Program Files (x86)\\Foxit Software\\Foxit Reader\\plugins\\'
    'GTK_BASEPATH' => 'C:\\Program Files (x86)\\GtkSharp\\2.12\\'
    'USERNAME' => 'NextGenThunder'
    'ProgramFiles(x86)' => 'C:\\Program Files (x86)'
    'VBOX_MSI_INSTALL_PATH' => 'C:\\Program Files\\Oracle\\VirtualBox\\'
    'CommonProgramFiles' => 'C:\\Program Files (x86)\\Common Files'
    'Path' => 'C:\\Windows\\system32;C:\\Windows;C:\\Windows\\System32\\Wbem;C:\\Windows\\System32\\WindowsPowerShell\\v1.0\\;C:\\Program Files (x86)\\NVIDIA Corporation\\PhysX\\Common;C:\\HashiCorp\\Vagrant\\bin;F:\\xampp\\php;C:\\Program Files (x86)\\GtkSharp\\2.12\\bin;F:\\composer;C:\\Users\\NextGenThunder\\AppData\\Local\\Microsoft\\WindowsApps;C:\\Users\\NextGenThunder\\AppData\\Roaming\\Composer\\vendor\\bin'
    'FPS_BROWSER_USER_PROFILE_STRING' => 'Default'
    'PATHEXT' => '.COM;.EXE;.BAT;.CMD;.VBS;.VBE;.JS;.JSE;.WSF;.WSH;.MSC'
    'OS' => 'Windows_NT'
    'COMPUTERNAME' => 'DESKTOP-ECTIKE0'
    'PROCESSOR_REVISION' => '9e09'
    'CommonProgramW6432' => 'C:\\Program Files\\Common Files'
    'ComSpec' => 'C:\\Windows\\system32\\cmd.exe'
    'ProgramData' => 'C:\\ProgramData'
    'ProgramW6432' => 'C:\\Program Files'
    'HOMEPATH' => '\\Users\\NextGenThunder'
    'SystemRoot' => 'C:\\Windows'
    'TEMP' => 'C:\\Users\\NEXTGE~1\\AppData\\Local\\Temp'
    'HOMEDRIVE' => 'C:'
    'PROCESSOR_IDENTIFIER' => 'Intel64 Family 6 Model 158 Stepping 9, GenuineIntel'
    'USERPROFILE' => 'C:\\Users\\NextGenThunder'
    'TMP' => 'C:\\Users\\NEXTGE~1\\AppData\\Local\\Temp'
    'CommonProgramFiles(x86)' => 'C:\\Program Files (x86)\\Common Files'
    'ProgramFiles' => 'C:\\Program Files (x86)'
    'PUBLIC' => 'C:\\Users\\Public'
    'NUMBER_OF_PROCESSORS' => '8'
    'windir' => 'C:\\Windows'
    'PHP_SELF' => 'yii'
    'SCRIPT_NAME' => 'yii'
    'SCRIPT_FILENAME' => 'yii'
    'PATH_TRANSLATED' => 'yii'
    'DOCUMENT_ROOT' => ''
    'REQUEST_TIME_FLOAT' => 1524457947.1187
    'REQUEST_TIME' => 1524457947
    'argv' => [
        0 => 'yii'
        1 => 'tests/app.php'
    ]
    'argc' => 2
]
2018-04-23 07:19:41 [][-][-][error][yii\db\Exception] PDOException: SQLSTATE[HY000] [14] unable to open database file in F:\xampp\htdocs\codeception.local\vendor\yiisoft\yii2\db\Connection.php:687
Stack trace:
#0 F:\xampp\htdocs\codeception.local\vendor\yiisoft\yii2\db\Connection.php(687): PDO->__construct('sqlite:F:\\xampp...', '', '', NULL)
#1 F:\xampp\htdocs\codeception.local\vendor\yiisoft\yii2\db\Connection.php(613): yii\db\Connection->createPdoInstance()
#2 F:\xampp\htdocs\codeception.local\vendor\yiisoft\yii2\db\Connection.php(996): yii\db\Connection->open()
#3 F:\xampp\htdocs\codeception.local\vendor\yiisoft\yii2\db\Connection.php(983): yii\db\Connection->getMasterPdo()
#4 F:\xampp\htdocs\codeception.local\vendor\yiisoft\yii2\db\Command.php(253): yii\db\Connection->getSlavePdo()
#5 F:\xampp\htdocs\codeception.local\vendor\yiisoft\yii2\db\Command.php(1143): yii\db\Command->prepare(true)
#6 F:\xampp\htdocs\codeception.local\vendor\yiisoft\yii2\db\sqlite\Command.php(54): yii\db\Command->queryInternal('fetchAll', NULL)
#7 F:\xampp\htdocs\codeception.local\vendor\yiisoft\yii2\db\Command.php(399): yii\db\sqlite\Command->queryInternal('fetchAll', NULL)
#8 F:\xampp\htdocs\codeception.local\vendor\yiisoft\yii2\db\sqlite\Schema.php(229): yii\db\Command->queryAll()
#9 F:\xampp\htdocs\codeception.local\vendor\yiisoft\yii2\db\sqlite\Schema.php(99): yii\db\sqlite\Schema->findColumns(Object(yii\db\TableSchema))
#10 F:\xampp\htdocs\codeception.local\vendor\yiisoft\yii2\db\Schema.php(744): yii\db\sqlite\Schema->loadTableSchema('user')
#11 F:\xampp\htdocs\codeception.local\vendor\yiisoft\yii2\db\Schema.php(194): yii\db\Schema->getTableMetadata('{{%user}}', 'schema', false)
#12 F:\xampp\htdocs\codeception.local\vendor\yiisoft\yii2\db\ActiveRecord.php(384): yii\db\Schema->getTableSchema('{{%user}}')
#13 F:\xampp\htdocs\codeception.local\vendor\yiisoft\yii2\db\ActiveRecord.php(418): yii\db\ActiveRecord::getTableSchema()
#14 F:\xampp\htdocs\codeception.local\vendor\yiisoft\yii2\db\BaseActiveRecord.php(492): yii\db\ActiveRecord->attributes()
#15 F:\xampp\htdocs\codeception.local\vendor\yiisoft\yii2\db\BaseActiveRecord.php(313): yii\db\BaseActiveRecord->hasAttribute('username')
#16 F:\xampp\htdocs\codeception.local\tests\app.php(10): yii\db\BaseActiveRecord->__set('username', 'ElisDN')
#17 {main}

Next yii\db\Exception: SQLSTATE[HY000] [14] unable to open database file in F:\xampp\htdocs\codeception.local\vendor\yiisoft\yii2\db\Connection.php:624
Stack trace:
#0 F:\xampp\htdocs\codeception.local\vendor\yiisoft\yii2\db\Connection.php(996): yii\db\Connection->open()
#1 F:\xampp\htdocs\codeception.local\vendor\yiisoft\yii2\db\Connection.php(983): yii\db\Connection->getMasterPdo()
#2 F:\xampp\htdocs\codeception.local\vendor\yiisoft\yii2\db\Command.php(253): yii\db\Connection->getSlavePdo()
#3 F:\xampp\htdocs\codeception.local\vendor\yiisoft\yii2\db\Command.php(1143): yii\db\Command->prepare(true)
#4 F:\xampp\htdocs\codeception.local\vendor\yiisoft\yii2\db\sqlite\Command.php(54): yii\db\Command->queryInternal('fetchAll', NULL)
#5 F:\xampp\htdocs\codeception.local\vendor\yiisoft\yii2\db\Command.php(399): yii\db\sqlite\Command->queryInternal('fetchAll', NULL)
#6 F:\xampp\htdocs\codeception.local\vendor\yiisoft\yii2\db\sqlite\Schema.php(229): yii\db\Command->queryAll()
#7 F:\xampp\htdocs\codeception.local\vendor\yiisoft\yii2\db\sqlite\Schema.php(99): yii\db\sqlite\Schema->findColumns(Object(yii\db\TableSchema))
#8 F:\xampp\htdocs\codeception.local\vendor\yiisoft\yii2\db\Schema.php(744): yii\db\sqlite\Schema->loadTableSchema('user')
#9 F:\xampp\htdocs\codeception.local\vendor\yiisoft\yii2\db\Schema.php(194): yii\db\Schema->getTableMetadata('{{%user}}', 'schema', false)
#10 F:\xampp\htdocs\codeception.local\vendor\yiisoft\yii2\db\ActiveRecord.php(384): yii\db\Schema->getTableSchema('{{%user}}')
#11 F:\xampp\htdocs\codeception.local\vendor\yiisoft\yii2\db\ActiveRecord.php(418): yii\db\ActiveRecord::getTableSchema()
#12 F:\xampp\htdocs\codeception.local\vendor\yiisoft\yii2\db\BaseActiveRecord.php(492): yii\db\ActiveRecord->attributes()
#13 F:\xampp\htdocs\codeception.local\vendor\yiisoft\yii2\db\BaseActiveRecord.php(313): yii\db\BaseActiveRecord->hasAttribute('username')
#14 F:\xampp\htdocs\codeception.local\tests\app.php(10): yii\db\BaseActiveRecord->__set('username', 'ElisDN')
#15 {main}
Additional Information:

2018-04-23 07:19:41 [][-][-][info][application] $_GET = []

$_POST = []

$_FILES = []

$_COOKIE = []

$_SERVER = [
    'PROCESSOR_ARCHITEW6432' => 'AMD64'
    'PROMPT' => '$P$G'
    'USERDOMAIN_ROAMINGPROFILE' => 'DESKTOP-ECTIKE0'
    'LOCALAPPDATA' => 'C:\\Users\\NextGenThunder\\AppData\\Local'
    'PROCESSOR_LEVEL' => '6'
    'USERDOMAIN' => 'DESKTOP-ECTIKE0'
    'FPS_BROWSER_APP_PROFILE_STRING' => 'Internet Explorer'
    'LOGONSERVER' => '\\\\DESKTOP-ECTIKE0'
    'SESSIONNAME' => 'Console'
    'ALLUSERSPROFILE' => 'C:\\ProgramData'
    'PROCESSOR_ARCHITECTURE' => 'x86'
    'PSModulePath' => 'C:\\Program Files\\WindowsPowerShell\\Modules;C:\\Windows\\system32\\WindowsPowerShell\\v1.0\\Modules'
    'SystemDrive' => 'C:'
    'OneDrive' => 'C:\\Users\\NextGenThunder\\OneDrive'
    'APPDATA' => 'C:\\Users\\NextGenThunder\\AppData\\Roaming'
    'MOZ_PLUGIN_PATH' => 'C:\\Program Files (x86)\\Foxit Software\\Foxit Reader\\plugins\\'
    'GTK_BASEPATH' => 'C:\\Program Files (x86)\\GtkSharp\\2.12\\'
    'USERNAME' => 'NextGenThunder'
    'ProgramFiles(x86)' => 'C:\\Program Files (x86)'
    'VBOX_MSI_INSTALL_PATH' => 'C:\\Program Files\\Oracle\\VirtualBox\\'
    'CommonProgramFiles' => 'C:\\Program Files (x86)\\Common Files'
    'Path' => 'C:\\Windows\\system32;C:\\Windows;C:\\Windows\\System32\\Wbem;C:\\Windows\\System32\\WindowsPowerShell\\v1.0\\;C:\\Program Files (x86)\\NVIDIA Corporation\\PhysX\\Common;C:\\HashiCorp\\Vagrant\\bin;F:\\xampp\\php;C:\\Program Files (x86)\\GtkSharp\\2.12\\bin;F:\\composer;C:\\Users\\NextGenThunder\\AppData\\Local\\Microsoft\\WindowsApps;C:\\Users\\NextGenThunder\\AppData\\Roaming\\Composer\\vendor\\bin'
    'FPS_BROWSER_USER_PROFILE_STRING' => 'Default'
    'PATHEXT' => '.COM;.EXE;.BAT;.CMD;.VBS;.VBE;.JS;.JSE;.WSF;.WSH;.MSC'
    'OS' => 'Windows_NT'
    'COMPUTERNAME' => 'DESKTOP-ECTIKE0'
    'PROCESSOR_REVISION' => '9e09'
    'CommonProgramW6432' => 'C:\\Program Files\\Common Files'
    'ComSpec' => 'C:\\Windows\\system32\\cmd.exe'
    'ProgramData' => 'C:\\ProgramData'
    'ProgramW6432' => 'C:\\Program Files'
    'HOMEPATH' => '\\Users\\NextGenThunder'
    'SystemRoot' => 'C:\\Windows'
    'TEMP' => 'C:\\Users\\NEXTGE~1\\AppData\\Local\\Temp'
    'HOMEDRIVE' => 'C:'
    'PROCESSOR_IDENTIFIER' => 'Intel64 Family 6 Model 158 Stepping 9, GenuineIntel'
    'USERPROFILE' => 'C:\\Users\\NextGenThunder'
    'TMP' => 'C:\\Users\\NEXTGE~1\\AppData\\Local\\Temp'
    'CommonProgramFiles(x86)' => 'C:\\Program Files (x86)\\Common Files'
    'ProgramFiles' => 'C:\\Program Files (x86)'
    'PUBLIC' => 'C:\\Users\\Public'
    'NUMBER_OF_PROCESSORS' => '8'
    'windir' => 'C:\\Windows'
    'PHP_SELF' => 'tests/app.php'
    'SCRIPT_NAME' => 'tests/app.php'
    'SCRIPT_FILENAME' => 'tests/app.php'
    'PATH_TRANSLATED' => 'tests/app.php'
    'DOCUMENT_ROOT' => ''
    'REQUEST_TIME_FLOAT' => 1524460781.0867
    'REQUEST_TIME' => 1524460781
    'argv' => [
        0 => 'tests/app.php'
    ]
    'argc' => 1
]
2018-04-23 07:43:39 [][-][-][error][yii\db\Exception] PDOException: SQLSTATE[HY000] [14] unable to open database file in F:\xampp\htdocs\codeception.local\vendor\yiisoft\yii2\db\Connection.php:687
Stack trace:
#0 F:\xampp\htdocs\codeception.local\vendor\yiisoft\yii2\db\Connection.php(687): PDO->__construct('sqlite:F:\\xampp...', '', '', NULL)
#1 F:\xampp\htdocs\codeception.local\vendor\yiisoft\yii2\db\Connection.php(613): yii\db\Connection->createPdoInstance()
#2 F:\xampp\htdocs\codeception.local\vendor\yiisoft\yii2\db\Connection.php(996): yii\db\Connection->open()
#3 F:\xampp\htdocs\codeception.local\vendor\yiisoft\yii2\db\Connection.php(983): yii\db\Connection->getMasterPdo()
#4 F:\xampp\htdocs\codeception.local\vendor\yiisoft\yii2\db\Command.php(253): yii\db\Connection->getSlavePdo()
#5 F:\xampp\htdocs\codeception.local\vendor\yiisoft\yii2\db\Command.php(1143): yii\db\Command->prepare(true)
#6 F:\xampp\htdocs\codeception.local\vendor\yiisoft\yii2\db\sqlite\Command.php(54): yii\db\Command->queryInternal('fetchAll', NULL)
#7 F:\xampp\htdocs\codeception.local\vendor\yiisoft\yii2\db\Command.php(399): yii\db\sqlite\Command->queryInternal('fetchAll', NULL)
#8 F:\xampp\htdocs\codeception.local\vendor\yiisoft\yii2\db\sqlite\Schema.php(229): yii\db\Command->queryAll()
#9 F:\xampp\htdocs\codeception.local\vendor\yiisoft\yii2\db\sqlite\Schema.php(99): yii\db\sqlite\Schema->findColumns(Object(yii\db\TableSchema))
#10 F:\xampp\htdocs\codeception.local\vendor\yiisoft\yii2\db\Schema.php(744): yii\db\sqlite\Schema->loadTableSchema('user')
#11 F:\xampp\htdocs\codeception.local\vendor\yiisoft\yii2\db\Schema.php(194): yii\db\Schema->getTableMetadata('{{%user}}', 'schema', false)
#12 F:\xampp\htdocs\codeception.local\vendor\yiisoft\yii2\db\ActiveRecord.php(384): yii\db\Schema->getTableSchema('{{%user}}')
#13 F:\xampp\htdocs\codeception.local\vendor\yiisoft\yii2\db\ActiveRecord.php(418): yii\db\ActiveRecord::getTableSchema()
#14 F:\xampp\htdocs\codeception.local\vendor\yiisoft\yii2\db\BaseActiveRecord.php(492): yii\db\ActiveRecord->attributes()
#15 F:\xampp\htdocs\codeception.local\vendor\yiisoft\yii2\db\BaseActiveRecord.php(313): yii\db\BaseActiveRecord->hasAttribute('username')
#16 F:\xampp\htdocs\codeception.local\tests\app.php(10): yii\db\BaseActiveRecord->__set('username', 'ElisDN')
#17 {main}

Next yii\db\Exception: SQLSTATE[HY000] [14] unable to open database file in F:\xampp\htdocs\codeception.local\vendor\yiisoft\yii2\db\Connection.php:624
Stack trace:
#0 F:\xampp\htdocs\codeception.local\vendor\yiisoft\yii2\db\Connection.php(996): yii\db\Connection->open()
#1 F:\xampp\htdocs\codeception.local\vendor\yiisoft\yii2\db\Connection.php(983): yii\db\Connection->getMasterPdo()
#2 F:\xampp\htdocs\codeception.local\vendor\yiisoft\yii2\db\Command.php(253): yii\db\Connection->getSlavePdo()
#3 F:\xampp\htdocs\codeception.local\vendor\yiisoft\yii2\db\Command.php(1143): yii\db\Command->prepare(true)
#4 F:\xampp\htdocs\codeception.local\vendor\yiisoft\yii2\db\sqlite\Command.php(54): yii\db\Command->queryInternal('fetchAll', NULL)
#5 F:\xampp\htdocs\codeception.local\vendor\yiisoft\yii2\db\Command.php(399): yii\db\sqlite\Command->queryInternal('fetchAll', NULL)
#6 F:\xampp\htdocs\codeception.local\vendor\yiisoft\yii2\db\sqlite\Schema.php(229): yii\db\Command->queryAll()
#7 F:\xampp\htdocs\codeception.local\vendor\yiisoft\yii2\db\sqlite\Schema.php(99): yii\db\sqlite\Schema->findColumns(Object(yii\db\TableSchema))
#8 F:\xampp\htdocs\codeception.local\vendor\yiisoft\yii2\db\Schema.php(744): yii\db\sqlite\Schema->loadTableSchema('user')
#9 F:\xampp\htdocs\codeception.local\vendor\yiisoft\yii2\db\Schema.php(194): yii\db\Schema->getTableMetadata('{{%user}}', 'schema', false)
#10 F:\xampp\htdocs\codeception.local\vendor\yiisoft\yii2\db\ActiveRecord.php(384): yii\db\Schema->getTableSchema('{{%user}}')
#11 F:\xampp\htdocs\codeception.local\vendor\yiisoft\yii2\db\ActiveRecord.php(418): yii\db\ActiveRecord::getTableSchema()
#12 F:\xampp\htdocs\codeception.local\vendor\yiisoft\yii2\db\BaseActiveRecord.php(492): yii\db\ActiveRecord->attributes()
#13 F:\xampp\htdocs\codeception.local\vendor\yiisoft\yii2\db\BaseActiveRecord.php(313): yii\db\BaseActiveRecord->hasAttribute('username')
#14 F:\xampp\htdocs\codeception.local\tests\app.php(10): yii\db\BaseActiveRecord->__set('username', 'ElisDN')
#15 {main}
Additional Information:

2018-04-23 07:43:39 [][-][-][info][application] $_GET = []

$_POST = []

$_FILES = []

$_COOKIE = []

$_SERVER = [
    'PROCESSOR_ARCHITEW6432' => 'AMD64'
    'PROMPT' => '$P$G'
    'USERDOMAIN_ROAMINGPROFILE' => 'DESKTOP-ECTIKE0'
    'LOCALAPPDATA' => 'C:\\Users\\NextGenThunder\\AppData\\Local'
    'PROCESSOR_LEVEL' => '6'
    'USERDOMAIN' => 'DESKTOP-ECTIKE0'
    'FPS_BROWSER_APP_PROFILE_STRING' => 'Internet Explorer'
    'LOGONSERVER' => '\\\\DESKTOP-ECTIKE0'
    'SESSIONNAME' => 'Console'
    'ALLUSERSPROFILE' => 'C:\\ProgramData'
    'PROCESSOR_ARCHITECTURE' => 'x86'
    'PSModulePath' => 'C:\\Program Files\\WindowsPowerShell\\Modules;C:\\Windows\\system32\\WindowsPowerShell\\v1.0\\Modules'
    'SystemDrive' => 'C:'
    'OneDrive' => 'C:\\Users\\NextGenThunder\\OneDrive'
    'APPDATA' => 'C:\\Users\\NextGenThunder\\AppData\\Roaming'
    'MOZ_PLUGIN_PATH' => 'C:\\Program Files (x86)\\Foxit Software\\Foxit Reader\\plugins\\'
    'GTK_BASEPATH' => 'C:\\Program Files (x86)\\GtkSharp\\2.12\\'
    'USERNAME' => 'NextGenThunder'
    'ProgramFiles(x86)' => 'C:\\Program Files (x86)'
    'VBOX_MSI_INSTALL_PATH' => 'C:\\Program Files\\Oracle\\VirtualBox\\'
    'CommonProgramFiles' => 'C:\\Program Files (x86)\\Common Files'
    'Path' => 'C:\\Windows\\system32;C:\\Windows;C:\\Windows\\System32\\Wbem;C:\\Windows\\System32\\WindowsPowerShell\\v1.0\\;C:\\Program Files (x86)\\NVIDIA Corporation\\PhysX\\Common;C:\\HashiCorp\\Vagrant\\bin;F:\\xampp\\php;C:\\Program Files (x86)\\GtkSharp\\2.12\\bin;F:\\composer;C:\\Users\\NextGenThunder\\AppData\\Local\\Microsoft\\WindowsApps;C:\\Users\\NextGenThunder\\AppData\\Roaming\\Composer\\vendor\\bin'
    'FPS_BROWSER_USER_PROFILE_STRING' => 'Default'
    'PATHEXT' => '.COM;.EXE;.BAT;.CMD;.VBS;.VBE;.JS;.JSE;.WSF;.WSH;.MSC'
    'OS' => 'Windows_NT'
    'COMPUTERNAME' => 'DESKTOP-ECTIKE0'
    'PROCESSOR_REVISION' => '9e09'
    'CommonProgramW6432' => 'C:\\Program Files\\Common Files'
    'ComSpec' => 'C:\\Windows\\system32\\cmd.exe'
    'ProgramData' => 'C:\\ProgramData'
    'ProgramW6432' => 'C:\\Program Files'
    'HOMEPATH' => '\\Users\\NextGenThunder'
    'SystemRoot' => 'C:\\Windows'
    'TEMP' => 'C:\\Users\\NEXTGE~1\\AppData\\Local\\Temp'
    'HOMEDRIVE' => 'C:'
    'PROCESSOR_IDENTIFIER' => 'Intel64 Family 6 Model 158 Stepping 9, GenuineIntel'
    'USERPROFILE' => 'C:\\Users\\NextGenThunder'
    'TMP' => 'C:\\Users\\NEXTGE~1\\AppData\\Local\\Temp'
    'CommonProgramFiles(x86)' => 'C:\\Program Files (x86)\\Common Files'
    'ProgramFiles' => 'C:\\Program Files (x86)'
    'PUBLIC' => 'C:\\Users\\Public'
    'NUMBER_OF_PROCESSORS' => '8'
    'windir' => 'C:\\Windows'
    'PHP_SELF' => 'tests/app.php'
    'SCRIPT_NAME' => 'tests/app.php'
    'SCRIPT_FILENAME' => 'tests/app.php'
    'PATH_TRANSLATED' => 'tests/app.php'
    'DOCUMENT_ROOT' => ''
    'REQUEST_TIME_FLOAT' => 1524462219.8483
    'REQUEST_TIME' => 1524462219
    'argv' => [
        0 => 'tests/app.php'
    ]
    'argc' => 1
]
2018-04-23 07:43:43 [][-][-][error][yii\db\Exception] PDOException: SQLSTATE[HY000] [14] unable to open database file in F:\xampp\htdocs\codeception.local\vendor\yiisoft\yii2\db\Connection.php:687
Stack trace:
#0 F:\xampp\htdocs\codeception.local\vendor\yiisoft\yii2\db\Connection.php(687): PDO->__construct('sqlite:F:\\xampp...', '', '', NULL)
#1 F:\xampp\htdocs\codeception.local\vendor\yiisoft\yii2\db\Connection.php(613): yii\db\Connection->createPdoInstance()
#2 F:\xampp\htdocs\codeception.local\vendor\yiisoft\yii2\db\Connection.php(996): yii\db\Connection->open()
#3 F:\xampp\htdocs\codeception.local\vendor\yiisoft\yii2\db\Connection.php(983): yii\db\Connection->getMasterPdo()
#4 F:\xampp\htdocs\codeception.local\vendor\yiisoft\yii2\db\Command.php(253): yii\db\Connection->getSlavePdo()
#5 F:\xampp\htdocs\codeception.local\vendor\yiisoft\yii2\db\Command.php(1143): yii\db\Command->prepare(true)
#6 F:\xampp\htdocs\codeception.local\vendor\yiisoft\yii2\db\sqlite\Command.php(54): yii\db\Command->queryInternal('fetchAll', NULL)
#7 F:\xampp\htdocs\codeception.local\vendor\yiisoft\yii2\db\Command.php(399): yii\db\sqlite\Command->queryInternal('fetchAll', NULL)
#8 F:\xampp\htdocs\codeception.local\vendor\yiisoft\yii2\db\sqlite\Schema.php(229): yii\db\Command->queryAll()
#9 F:\xampp\htdocs\codeception.local\vendor\yiisoft\yii2\db\sqlite\Schema.php(99): yii\db\sqlite\Schema->findColumns(Object(yii\db\TableSchema))
#10 F:\xampp\htdocs\codeception.local\vendor\yiisoft\yii2\db\Schema.php(744): yii\db\sqlite\Schema->loadTableSchema('user')
#11 F:\xampp\htdocs\codeception.local\vendor\yiisoft\yii2\db\Schema.php(194): yii\db\Schema->getTableMetadata('{{%user}}', 'schema', false)
#12 F:\xampp\htdocs\codeception.local\vendor\yiisoft\yii2\db\ActiveRecord.php(384): yii\db\Schema->getTableSchema('{{%user}}')
#13 F:\xampp\htdocs\codeception.local\vendor\yiisoft\yii2\db\ActiveRecord.php(418): yii\db\ActiveRecord::getTableSchema()
#14 F:\xampp\htdocs\codeception.local\vendor\yiisoft\yii2\db\BaseActiveRecord.php(492): yii\db\ActiveRecord->attributes()
#15 F:\xampp\htdocs\codeception.local\vendor\yiisoft\yii2\db\BaseActiveRecord.php(313): yii\db\BaseActiveRecord->hasAttribute('username')
#16 F:\xampp\htdocs\codeception.local\tests\app.php(10): yii\db\BaseActiveRecord->__set('username', 'ElisDN')
#17 {main}

Next yii\db\Exception: SQLSTATE[HY000] [14] unable to open database file in F:\xampp\htdocs\codeception.local\vendor\yiisoft\yii2\db\Connection.php:624
Stack trace:
#0 F:\xampp\htdocs\codeception.local\vendor\yiisoft\yii2\db\Connection.php(996): yii\db\Connection->open()
#1 F:\xampp\htdocs\codeception.local\vendor\yiisoft\yii2\db\Connection.php(983): yii\db\Connection->getMasterPdo()
#2 F:\xampp\htdocs\codeception.local\vendor\yiisoft\yii2\db\Command.php(253): yii\db\Connection->getSlavePdo()
#3 F:\xampp\htdocs\codeception.local\vendor\yiisoft\yii2\db\Command.php(1143): yii\db\Command->prepare(true)
#4 F:\xampp\htdocs\codeception.local\vendor\yiisoft\yii2\db\sqlite\Command.php(54): yii\db\Command->queryInternal('fetchAll', NULL)
#5 F:\xampp\htdocs\codeception.local\vendor\yiisoft\yii2\db\Command.php(399): yii\db\sqlite\Command->queryInternal('fetchAll', NULL)
#6 F:\xampp\htdocs\codeception.local\vendor\yiisoft\yii2\db\sqlite\Schema.php(229): yii\db\Command->queryAll()
#7 F:\xampp\htdocs\codeception.local\vendor\yiisoft\yii2\db\sqlite\Schema.php(99): yii\db\sqlite\Schema->findColumns(Object(yii\db\TableSchema))
#8 F:\xampp\htdocs\codeception.local\vendor\yiisoft\yii2\db\Schema.php(744): yii\db\sqlite\Schema->loadTableSchema('user')
#9 F:\xampp\htdocs\codeception.local\vendor\yiisoft\yii2\db\Schema.php(194): yii\db\Schema->getTableMetadata('{{%user}}', 'schema', false)
#10 F:\xampp\htdocs\codeception.local\vendor\yiisoft\yii2\db\ActiveRecord.php(384): yii\db\Schema->getTableSchema('{{%user}}')
#11 F:\xampp\htdocs\codeception.local\vendor\yiisoft\yii2\db\ActiveRecord.php(418): yii\db\ActiveRecord::getTableSchema()
#12 F:\xampp\htdocs\codeception.local\vendor\yiisoft\yii2\db\BaseActiveRecord.php(492): yii\db\ActiveRecord->attributes()
#13 F:\xampp\htdocs\codeception.local\vendor\yiisoft\yii2\db\BaseActiveRecord.php(313): yii\db\BaseActiveRecord->hasAttribute('username')
#14 F:\xampp\htdocs\codeception.local\tests\app.php(10): yii\db\BaseActiveRecord->__set('username', 'ElisDN')
#15 {main}
Additional Information:

2018-04-23 07:43:43 [][-][-][info][application] $_GET = []

$_POST = []

$_FILES = []

$_COOKIE = []

$_SERVER = [
    'PROCESSOR_ARCHITEW6432' => 'AMD64'
    'PROMPT' => '$P$G'
    'USERDOMAIN_ROAMINGPROFILE' => 'DESKTOP-ECTIKE0'
    'LOCALAPPDATA' => 'C:\\Users\\NextGenThunder\\AppData\\Local'
    'PROCESSOR_LEVEL' => '6'
    'USERDOMAIN' => 'DESKTOP-ECTIKE0'
    'FPS_BROWSER_APP_PROFILE_STRING' => 'Internet Explorer'
    'LOGONSERVER' => '\\\\DESKTOP-ECTIKE0'
    'SESSIONNAME' => 'Console'
    'ALLUSERSPROFILE' => 'C:\\ProgramData'
    'PROCESSOR_ARCHITECTURE' => 'x86'
    'PSModulePath' => 'C:\\Program Files\\WindowsPowerShell\\Modules;C:\\Windows\\system32\\WindowsPowerShell\\v1.0\\Modules'
    'SystemDrive' => 'C:'
    'OneDrive' => 'C:\\Users\\NextGenThunder\\OneDrive'
    'APPDATA' => 'C:\\Users\\NextGenThunder\\AppData\\Roaming'
    'MOZ_PLUGIN_PATH' => 'C:\\Program Files (x86)\\Foxit Software\\Foxit Reader\\plugins\\'
    'GTK_BASEPATH' => 'C:\\Program Files (x86)\\GtkSharp\\2.12\\'
    'USERNAME' => 'NextGenThunder'
    'ProgramFiles(x86)' => 'C:\\Program Files (x86)'
    'VBOX_MSI_INSTALL_PATH' => 'C:\\Program Files\\Oracle\\VirtualBox\\'
    'CommonProgramFiles' => 'C:\\Program Files (x86)\\Common Files'
    'Path' => 'C:\\Windows\\system32;C:\\Windows;C:\\Windows\\System32\\Wbem;C:\\Windows\\System32\\WindowsPowerShell\\v1.0\\;C:\\Program Files (x86)\\NVIDIA Corporation\\PhysX\\Common;C:\\HashiCorp\\Vagrant\\bin;F:\\xampp\\php;C:\\Program Files (x86)\\GtkSharp\\2.12\\bin;F:\\composer;C:\\Users\\NextGenThunder\\AppData\\Local\\Microsoft\\WindowsApps;C:\\Users\\NextGenThunder\\AppData\\Roaming\\Composer\\vendor\\bin'
    'FPS_BROWSER_USER_PROFILE_STRING' => 'Default'
    'PATHEXT' => '.COM;.EXE;.BAT;.CMD;.VBS;.VBE;.JS;.JSE;.WSF;.WSH;.MSC'
    'OS' => 'Windows_NT'
    'COMPUTERNAME' => 'DESKTOP-ECTIKE0'
    'PROCESSOR_REVISION' => '9e09'
    'CommonProgramW6432' => 'C:\\Program Files\\Common Files'
    'ComSpec' => 'C:\\Windows\\system32\\cmd.exe'
    'ProgramData' => 'C:\\ProgramData'
    'ProgramW6432' => 'C:\\Program Files'
    'HOMEPATH' => '\\Users\\NextGenThunder'
    'SystemRoot' => 'C:\\Windows'
    'TEMP' => 'C:\\Users\\NEXTGE~1\\AppData\\Local\\Temp'
    'HOMEDRIVE' => 'C:'
    'PROCESSOR_IDENTIFIER' => 'Intel64 Family 6 Model 158 Stepping 9, GenuineIntel'
    'USERPROFILE' => 'C:\\Users\\NextGenThunder'
    'TMP' => 'C:\\Users\\NEXTGE~1\\AppData\\Local\\Temp'
    'CommonProgramFiles(x86)' => 'C:\\Program Files (x86)\\Common Files'
    'ProgramFiles' => 'C:\\Program Files (x86)'
    'PUBLIC' => 'C:\\Users\\Public'
    'NUMBER_OF_PROCESSORS' => '8'
    'windir' => 'C:\\Windows'
    'PHP_SELF' => 'tests/app.php'
    'SCRIPT_NAME' => 'tests/app.php'
    'SCRIPT_FILENAME' => 'tests/app.php'
    'PATH_TRANSLATED' => 'tests/app.php'
    'DOCUMENT_ROOT' => ''
    'REQUEST_TIME_FLOAT' => 1524462223.2226
    'REQUEST_TIME' => 1524462223
    'argv' => [
        0 => 'tests/app.php'
    ]
    'argc' => 1
]
2018-04-23 07:45:06 [][-][-][error][yii\db\Exception] PDOException: SQLSTATE[HY000] [14] unable to open database file in F:\xampp\htdocs\codeception.local\vendor\yiisoft\yii2\db\Connection.php:687
Stack trace:
#0 F:\xampp\htdocs\codeception.local\vendor\yiisoft\yii2\db\Connection.php(687): PDO->__construct('sqlite:F:\\xampp...', '', '', NULL)
#1 F:\xampp\htdocs\codeception.local\vendor\yiisoft\yii2\db\Connection.php(613): yii\db\Connection->createPdoInstance()
#2 F:\xampp\htdocs\codeception.local\vendor\yiisoft\yii2\db\Connection.php(996): yii\db\Connection->open()
#3 F:\xampp\htdocs\codeception.local\vendor\yiisoft\yii2\db\Connection.php(983): yii\db\Connection->getMasterPdo()
#4 F:\xampp\htdocs\codeception.local\vendor\yiisoft\yii2\db\Command.php(253): yii\db\Connection->getSlavePdo()
#5 F:\xampp\htdocs\codeception.local\vendor\yiisoft\yii2\db\Command.php(1143): yii\db\Command->prepare(true)
#6 F:\xampp\htdocs\codeception.local\vendor\yiisoft\yii2\db\sqlite\Command.php(54): yii\db\Command->queryInternal('fetchAll', NULL)
#7 F:\xampp\htdocs\codeception.local\vendor\yiisoft\yii2\db\Command.php(399): yii\db\sqlite\Command->queryInternal('fetchAll', NULL)
#8 F:\xampp\htdocs\codeception.local\vendor\yiisoft\yii2\db\sqlite\Schema.php(229): yii\db\Command->queryAll()
#9 F:\xampp\htdocs\codeception.local\vendor\yiisoft\yii2\db\sqlite\Schema.php(99): yii\db\sqlite\Schema->findColumns(Object(yii\db\TableSchema))
#10 F:\xampp\htdocs\codeception.local\vendor\yiisoft\yii2\db\Schema.php(744): yii\db\sqlite\Schema->loadTableSchema('user')
#11 F:\xampp\htdocs\codeception.local\vendor\yiisoft\yii2\db\Schema.php(194): yii\db\Schema->getTableMetadata('{{%user}}', 'schema', false)
#12 F:\xampp\htdocs\codeception.local\vendor\yiisoft\yii2\db\ActiveRecord.php(384): yii\db\Schema->getTableSchema('{{%user}}')
#13 F:\xampp\htdocs\codeception.local\vendor\yiisoft\yii2\db\ActiveRecord.php(418): yii\db\ActiveRecord::getTableSchema()
#14 F:\xampp\htdocs\codeception.local\vendor\yiisoft\yii2\db\BaseActiveRecord.php(492): yii\db\ActiveRecord->attributes()
#15 F:\xampp\htdocs\codeception.local\vendor\yiisoft\yii2\db\BaseActiveRecord.php(313): yii\db\BaseActiveRecord->hasAttribute('username')
#16 F:\xampp\htdocs\codeception.local\tests\app.php(10): yii\db\BaseActiveRecord->__set('username', 'ElisDN')
#17 {main}

Next yii\db\Exception: SQLSTATE[HY000] [14] unable to open database file in F:\xampp\htdocs\codeception.local\vendor\yiisoft\yii2\db\Connection.php:624
Stack trace:
#0 F:\xampp\htdocs\codeception.local\vendor\yiisoft\yii2\db\Connection.php(996): yii\db\Connection->open()
#1 F:\xampp\htdocs\codeception.local\vendor\yiisoft\yii2\db\Connection.php(983): yii\db\Connection->getMasterPdo()
#2 F:\xampp\htdocs\codeception.local\vendor\yiisoft\yii2\db\Command.php(253): yii\db\Connection->getSlavePdo()
#3 F:\xampp\htdocs\codeception.local\vendor\yiisoft\yii2\db\Command.php(1143): yii\db\Command->prepare(true)
#4 F:\xampp\htdocs\codeception.local\vendor\yiisoft\yii2\db\sqlite\Command.php(54): yii\db\Command->queryInternal('fetchAll', NULL)
#5 F:\xampp\htdocs\codeception.local\vendor\yiisoft\yii2\db\Command.php(399): yii\db\sqlite\Command->queryInternal('fetchAll', NULL)
#6 F:\xampp\htdocs\codeception.local\vendor\yiisoft\yii2\db\sqlite\Schema.php(229): yii\db\Command->queryAll()
#7 F:\xampp\htdocs\codeception.local\vendor\yiisoft\yii2\db\sqlite\Schema.php(99): yii\db\sqlite\Schema->findColumns(Object(yii\db\TableSchema))
#8 F:\xampp\htdocs\codeception.local\vendor\yiisoft\yii2\db\Schema.php(744): yii\db\sqlite\Schema->loadTableSchema('user')
#9 F:\xampp\htdocs\codeception.local\vendor\yiisoft\yii2\db\Schema.php(194): yii\db\Schema->getTableMetadata('{{%user}}', 'schema', false)
#10 F:\xampp\htdocs\codeception.local\vendor\yiisoft\yii2\db\ActiveRecord.php(384): yii\db\Schema->getTableSchema('{{%user}}')
#11 F:\xampp\htdocs\codeception.local\vendor\yiisoft\yii2\db\ActiveRecord.php(418): yii\db\ActiveRecord::getTableSchema()
#12 F:\xampp\htdocs\codeception.local\vendor\yiisoft\yii2\db\BaseActiveRecord.php(492): yii\db\ActiveRecord->attributes()
#13 F:\xampp\htdocs\codeception.local\vendor\yiisoft\yii2\db\BaseActiveRecord.php(313): yii\db\BaseActiveRecord->hasAttribute('username')
#14 F:\xampp\htdocs\codeception.local\tests\app.php(10): yii\db\BaseActiveRecord->__set('username', 'ElisDN')
#15 {main}
Additional Information:

2018-04-23 07:45:06 [][-][-][info][application] $_GET = []

$_POST = []

$_FILES = []

$_COOKIE = []

$_SERVER = [
    'PROCESSOR_ARCHITEW6432' => 'AMD64'
    'PROMPT' => '$P$G'
    'USERDOMAIN_ROAMINGPROFILE' => 'DESKTOP-ECTIKE0'
    'LOCALAPPDATA' => 'C:\\Users\\NextGenThunder\\AppData\\Local'
    'PROCESSOR_LEVEL' => '6'
    'USERDOMAIN' => 'DESKTOP-ECTIKE0'
    'FPS_BROWSER_APP_PROFILE_STRING' => 'Internet Explorer'
    'LOGONSERVER' => '\\\\DESKTOP-ECTIKE0'
    'SESSIONNAME' => 'Console'
    'ALLUSERSPROFILE' => 'C:\\ProgramData'
    'PROCESSOR_ARCHITECTURE' => 'x86'
    'PSModulePath' => 'C:\\Program Files\\WindowsPowerShell\\Modules;C:\\Windows\\system32\\WindowsPowerShell\\v1.0\\Modules'
    'SystemDrive' => 'C:'
    'OneDrive' => 'C:\\Users\\NextGenThunder\\OneDrive'
    'APPDATA' => 'C:\\Users\\NextGenThunder\\AppData\\Roaming'
    'MOZ_PLUGIN_PATH' => 'C:\\Program Files (x86)\\Foxit Software\\Foxit Reader\\plugins\\'
    'GTK_BASEPATH' => 'C:\\Program Files (x86)\\GtkSharp\\2.12\\'
    'USERNAME' => 'NextGenThunder'
    'ProgramFiles(x86)' => 'C:\\Program Files (x86)'
    'VBOX_MSI_INSTALL_PATH' => 'C:\\Program Files\\Oracle\\VirtualBox\\'
    'CommonProgramFiles' => 'C:\\Program Files (x86)\\Common Files'
    'Path' => 'C:\\Windows\\system32;C:\\Windows;C:\\Windows\\System32\\Wbem;C:\\Windows\\System32\\WindowsPowerShell\\v1.0\\;C:\\Program Files (x86)\\NVIDIA Corporation\\PhysX\\Common;C:\\HashiCorp\\Vagrant\\bin;F:\\xampp\\php;C:\\Program Files (x86)\\GtkSharp\\2.12\\bin;F:\\composer;C:\\Users\\NextGenThunder\\AppData\\Local\\Microsoft\\WindowsApps;C:\\Users\\NextGenThunder\\AppData\\Roaming\\Composer\\vendor\\bin'
    'FPS_BROWSER_USER_PROFILE_STRING' => 'Default'
    'PATHEXT' => '.COM;.EXE;.BAT;.CMD;.VBS;.VBE;.JS;.JSE;.WSF;.WSH;.MSC'
    'OS' => 'Windows_NT'
    'COMPUTERNAME' => 'DESKTOP-ECTIKE0'
    'PROCESSOR_REVISION' => '9e09'
    'CommonProgramW6432' => 'C:\\Program Files\\Common Files'
    'ComSpec' => 'C:\\Windows\\system32\\cmd.exe'
    'ProgramData' => 'C:\\ProgramData'
    'ProgramW6432' => 'C:\\Program Files'
    'HOMEPATH' => '\\Users\\NextGenThunder'
    'SystemRoot' => 'C:\\Windows'
    'TEMP' => 'C:\\Users\\NEXTGE~1\\AppData\\Local\\Temp'
    'HOMEDRIVE' => 'C:'
    'PROCESSOR_IDENTIFIER' => 'Intel64 Family 6 Model 158 Stepping 9, GenuineIntel'
    'USERPROFILE' => 'C:\\Users\\NextGenThunder'
    'TMP' => 'C:\\Users\\NEXTGE~1\\AppData\\Local\\Temp'
    'CommonProgramFiles(x86)' => 'C:\\Program Files (x86)\\Common Files'
    'ProgramFiles' => 'C:\\Program Files (x86)'
    'PUBLIC' => 'C:\\Users\\Public'
    'NUMBER_OF_PROCESSORS' => '8'
    'windir' => 'C:\\Windows'
    'PHP_SELF' => 'tests/app.php'
    'SCRIPT_NAME' => 'tests/app.php'
    'SCRIPT_FILENAME' => 'tests/app.php'
    'PATH_TRANSLATED' => 'tests/app.php'
    'DOCUMENT_ROOT' => ''
    'REQUEST_TIME_FLOAT' => 1524462306.773
    'REQUEST_TIME' => 1524462306
    'argv' => [
        0 => 'tests/app.php'
    ]
    'argc' => 1
]
2018-04-23 07:46:12 [][-][-][error][yii\db\Exception] PDOException: SQLSTATE[HY000] [14] unable to open database file in F:\xampp\htdocs\codeception.local\vendor\yiisoft\yii2\db\Connection.php:687
Stack trace:
#0 F:\xampp\htdocs\codeception.local\vendor\yiisoft\yii2\db\Connection.php(687): PDO->__construct('sqlite:F:\\xampp...', '', '', NULL)
#1 F:\xampp\htdocs\codeception.local\vendor\yiisoft\yii2\db\Connection.php(613): yii\db\Connection->createPdoInstance()
#2 F:\xampp\htdocs\codeception.local\vendor\yiisoft\yii2\db\Connection.php(996): yii\db\Connection->open()
#3 F:\xampp\htdocs\codeception.local\vendor\yiisoft\yii2\db\Connection.php(983): yii\db\Connection->getMasterPdo()
#4 F:\xampp\htdocs\codeception.local\vendor\yiisoft\yii2\db\Command.php(253): yii\db\Connection->getSlavePdo()
#5 F:\xampp\htdocs\codeception.local\vendor\yiisoft\yii2\db\Command.php(1143): yii\db\Command->prepare(true)
#6 F:\xampp\htdocs\codeception.local\vendor\yiisoft\yii2\db\sqlite\Command.php(54): yii\db\Command->queryInternal('fetchAll', NULL)
#7 F:\xampp\htdocs\codeception.local\vendor\yiisoft\yii2\db\Command.php(399): yii\db\sqlite\Command->queryInternal('fetchAll', NULL)
#8 F:\xampp\htdocs\codeception.local\vendor\yiisoft\yii2\db\sqlite\Schema.php(229): yii\db\Command->queryAll()
#9 F:\xampp\htdocs\codeception.local\vendor\yiisoft\yii2\db\sqlite\Schema.php(99): yii\db\sqlite\Schema->findColumns(Object(yii\db\TableSchema))
#10 F:\xampp\htdocs\codeception.local\vendor\yiisoft\yii2\db\Schema.php(744): yii\db\sqlite\Schema->loadTableSchema('user')
#11 F:\xampp\htdocs\codeception.local\vendor\yiisoft\yii2\db\Schema.php(194): yii\db\Schema->getTableMetadata('{{%user}}', 'schema', false)
#12 F:\xampp\htdocs\codeception.local\vendor\yiisoft\yii2\db\ActiveRecord.php(384): yii\db\Schema->getTableSchema('{{%user}}')
#13 F:\xampp\htdocs\codeception.local\vendor\yiisoft\yii2\db\ActiveRecord.php(418): yii\db\ActiveRecord::getTableSchema()
#14 F:\xampp\htdocs\codeception.local\vendor\yiisoft\yii2\db\BaseActiveRecord.php(492): yii\db\ActiveRecord->attributes()
#15 F:\xampp\htdocs\codeception.local\vendor\yiisoft\yii2\db\BaseActiveRecord.php(313): yii\db\BaseActiveRecord->hasAttribute('username')
#16 F:\xampp\htdocs\codeception.local\tests\app.php(10): yii\db\BaseActiveRecord->__set('username', 'ElisDN')
#17 {main}

Next yii\db\Exception: SQLSTATE[HY000] [14] unable to open database file in F:\xampp\htdocs\codeception.local\vendor\yiisoft\yii2\db\Connection.php:624
Stack trace:
#0 F:\xampp\htdocs\codeception.local\vendor\yiisoft\yii2\db\Connection.php(996): yii\db\Connection->open()
#1 F:\xampp\htdocs\codeception.local\vendor\yiisoft\yii2\db\Connection.php(983): yii\db\Connection->getMasterPdo()
#2 F:\xampp\htdocs\codeception.local\vendor\yiisoft\yii2\db\Command.php(253): yii\db\Connection->getSlavePdo()
#3 F:\xampp\htdocs\codeception.local\vendor\yiisoft\yii2\db\Command.php(1143): yii\db\Command->prepare(true)
#4 F:\xampp\htdocs\codeception.local\vendor\yiisoft\yii2\db\sqlite\Command.php(54): yii\db\Command->queryInternal('fetchAll', NULL)
#5 F:\xampp\htdocs\codeception.local\vendor\yiisoft\yii2\db\Command.php(399): yii\db\sqlite\Command->queryInternal('fetchAll', NULL)
#6 F:\xampp\htdocs\codeception.local\vendor\yiisoft\yii2\db\sqlite\Schema.php(229): yii\db\Command->queryAll()
#7 F:\xampp\htdocs\codeception.local\vendor\yiisoft\yii2\db\sqlite\Schema.php(99): yii\db\sqlite\Schema->findColumns(Object(yii\db\TableSchema))
#8 F:\xampp\htdocs\codeception.local\vendor\yiisoft\yii2\db\Schema.php(744): yii\db\sqlite\Schema->loadTableSchema('user')
#9 F:\xampp\htdocs\codeception.local\vendor\yiisoft\yii2\db\Schema.php(194): yii\db\Schema->getTableMetadata('{{%user}}', 'schema', false)
#10 F:\xampp\htdocs\codeception.local\vendor\yiisoft\yii2\db\ActiveRecord.php(384): yii\db\Schema->getTableSchema('{{%user}}')
#11 F:\xampp\htdocs\codeception.local\vendor\yiisoft\yii2\db\ActiveRecord.php(418): yii\db\ActiveRecord::getTableSchema()
#12 F:\xampp\htdocs\codeception.local\vendor\yiisoft\yii2\db\BaseActiveRecord.php(492): yii\db\ActiveRecord->attributes()
#13 F:\xampp\htdocs\codeception.local\vendor\yiisoft\yii2\db\BaseActiveRecord.php(313): yii\db\BaseActiveRecord->hasAttribute('username')
#14 F:\xampp\htdocs\codeception.local\tests\app.php(10): yii\db\BaseActiveRecord->__set('username', 'ElisDN')
#15 {main}
Additional Information:

2018-04-23 07:46:12 [][-][-][info][application] $_GET = []

$_POST = []

$_FILES = []

$_COOKIE = []

$_SERVER = [
    'PROCESSOR_ARCHITEW6432' => 'AMD64'
    'PROMPT' => '$P$G'
    'USERDOMAIN_ROAMINGPROFILE' => 'DESKTOP-ECTIKE0'
    'LOCALAPPDATA' => 'C:\\Users\\NextGenThunder\\AppData\\Local'
    'PROCESSOR_LEVEL' => '6'
    'USERDOMAIN' => 'DESKTOP-ECTIKE0'
    'FPS_BROWSER_APP_PROFILE_STRING' => 'Internet Explorer'
    'LOGONSERVER' => '\\\\DESKTOP-ECTIKE0'
    'SESSIONNAME' => 'Console'
    'ALLUSERSPROFILE' => 'C:\\ProgramData'
    'PROCESSOR_ARCHITECTURE' => 'x86'
    'PSModulePath' => 'C:\\Program Files\\WindowsPowerShell\\Modules;C:\\Windows\\system32\\WindowsPowerShell\\v1.0\\Modules'
    'SystemDrive' => 'C:'
    'OneDrive' => 'C:\\Users\\NextGenThunder\\OneDrive'
    'APPDATA' => 'C:\\Users\\NextGenThunder\\AppData\\Roaming'
    'MOZ_PLUGIN_PATH' => 'C:\\Program Files (x86)\\Foxit Software\\Foxit Reader\\plugins\\'
    'GTK_BASEPATH' => 'C:\\Program Files (x86)\\GtkSharp\\2.12\\'
    'USERNAME' => 'NextGenThunder'
    'ProgramFiles(x86)' => 'C:\\Program Files (x86)'
    'VBOX_MSI_INSTALL_PATH' => 'C:\\Program Files\\Oracle\\VirtualBox\\'
    'CommonProgramFiles' => 'C:\\Program Files (x86)\\Common Files'
    'Path' => 'C:\\Windows\\system32;C:\\Windows;C:\\Windows\\System32\\Wbem;C:\\Windows\\System32\\WindowsPowerShell\\v1.0\\;C:\\Program Files (x86)\\NVIDIA Corporation\\PhysX\\Common;C:\\HashiCorp\\Vagrant\\bin;F:\\xampp\\php;C:\\Program Files (x86)\\GtkSharp\\2.12\\bin;F:\\composer;C:\\Users\\NextGenThunder\\AppData\\Local\\Microsoft\\WindowsApps;C:\\Users\\NextGenThunder\\AppData\\Roaming\\Composer\\vendor\\bin'
    'FPS_BROWSER_USER_PROFILE_STRING' => 'Default'
    'PATHEXT' => '.COM;.EXE;.BAT;.CMD;.VBS;.VBE;.JS;.JSE;.WSF;.WSH;.MSC'
    'OS' => 'Windows_NT'
    'COMPUTERNAME' => 'DESKTOP-ECTIKE0'
    'PROCESSOR_REVISION' => '9e09'
    'CommonProgramW6432' => 'C:\\Program Files\\Common Files'
    'ComSpec' => 'C:\\Windows\\system32\\cmd.exe'
    'ProgramData' => 'C:\\ProgramData'
    'ProgramW6432' => 'C:\\Program Files'
    'HOMEPATH' => '\\Users\\NextGenThunder'
    'SystemRoot' => 'C:\\Windows'
    'TEMP' => 'C:\\Users\\NEXTGE~1\\AppData\\Local\\Temp'
    'HOMEDRIVE' => 'C:'
    'PROCESSOR_IDENTIFIER' => 'Intel64 Family 6 Model 158 Stepping 9, GenuineIntel'
    'USERPROFILE' => 'C:\\Users\\NextGenThunder'
    'TMP' => 'C:\\Users\\NEXTGE~1\\AppData\\Local\\Temp'
    'CommonProgramFiles(x86)' => 'C:\\Program Files (x86)\\Common Files'
    'ProgramFiles' => 'C:\\Program Files (x86)'
    'PUBLIC' => 'C:\\Users\\Public'
    'NUMBER_OF_PROCESSORS' => '8'
    'windir' => 'C:\\Windows'
    'PHP_SELF' => 'tests/app.php'
    'SCRIPT_NAME' => 'tests/app.php'
    'SCRIPT_FILENAME' => 'tests/app.php'
    'PATH_TRANSLATED' => 'tests/app.php'
    'DOCUMENT_ROOT' => ''
    'REQUEST_TIME_FLOAT' => 1524462372.4699
    'REQUEST_TIME' => 1524462372
    'argv' => [
        0 => 'tests/app.php'
    ]
    'argc' => 1
]
2018-04-23 07:48:33 [-][-][-][error][yii\db\Exception] PDOException: SQLSTATE[HY000] [14] unable to open database file in F:\xampp\htdocs\codeception.local\vendor\yiisoft\yii2\db\Connection.php:687
Stack trace:
#0 F:\xampp\htdocs\codeception.local\vendor\yiisoft\yii2\db\Connection.php(687): PDO->__construct('sqlite:F:\\xampp...', '', '', NULL)
#1 F:\xampp\htdocs\codeception.local\vendor\yiisoft\yii2\db\Connection.php(613): yii\db\Connection->createPdoInstance()
#2 F:\xampp\htdocs\codeception.local\vendor\yiisoft\yii2\db\Connection.php(996): yii\db\Connection->open()
#3 F:\xampp\htdocs\codeception.local\vendor\yiisoft\yii2\db\Connection.php(983): yii\db\Connection->getMasterPdo()
#4 F:\xampp\htdocs\codeception.local\vendor\yiisoft\yii2\db\Command.php(253): yii\db\Connection->getSlavePdo()
#5 F:\xampp\htdocs\codeception.local\vendor\yiisoft\yii2\db\Command.php(1143): yii\db\Command->prepare(true)
#6 F:\xampp\htdocs\codeception.local\vendor\yiisoft\yii2\db\sqlite\Command.php(54): yii\db\Command->queryInternal('fetchAll', NULL)
#7 F:\xampp\htdocs\codeception.local\vendor\yiisoft\yii2\db\Command.php(399): yii\db\sqlite\Command->queryInternal('fetchAll', NULL)
#8 F:\xampp\htdocs\codeception.local\vendor\yiisoft\yii2\db\sqlite\Schema.php(229): yii\db\Command->queryAll()
#9 F:\xampp\htdocs\codeception.local\vendor\yiisoft\yii2\db\sqlite\Schema.php(99): yii\db\sqlite\Schema->findColumns(Object(yii\db\TableSchema))
#10 F:\xampp\htdocs\codeception.local\vendor\yiisoft\yii2\db\Schema.php(744): yii\db\sqlite\Schema->loadTableSchema('migration')
#11 F:\xampp\htdocs\codeception.local\vendor\yiisoft\yii2\db\Schema.php(194): yii\db\Schema->getTableMetadata('{{%migration}}', 'schema', true)
#12 F:\xampp\htdocs\codeception.local\vendor\yiisoft\yii2\console\controllers\MigrateController.php(210): yii\db\Schema->getTableSchema('{{%migration}}', true)
#13 F:\xampp\htdocs\codeception.local\vendor\yiisoft\yii2\console\controllers\BaseMigrateController.php(875): yii\console\controllers\MigrateController->getMigrationHistory(NULL)
#14 F:\xampp\htdocs\codeception.local\vendor\yiisoft\yii2\console\controllers\BaseMigrateController.php(166): yii\console\controllers\BaseMigrateController->getNewMigrations()
#15 [internal function]: yii\console\controllers\BaseMigrateController->actionUp(0)
#16 F:\xampp\htdocs\codeception.local\vendor\yiisoft\yii2\base\InlineAction.php(57): call_user_func_array(Array, Array)
#17 F:\xampp\htdocs\codeception.local\vendor\yiisoft\yii2\base\Controller.php(157): yii\base\InlineAction->runWithParams(Array)
#18 F:\xampp\htdocs\codeception.local\vendor\yiisoft\yii2\console\Controller.php(148): yii\base\Controller->runAction('', Array)
#19 F:\xampp\htdocs\codeception.local\vendor\yiisoft\yii2\base\Module.php(528): yii\console\Controller->runAction('', Array)
#20 F:\xampp\htdocs\codeception.local\vendor\yiisoft\yii2\console\Application.php(180): yii\base\Module->runAction('migrate', Array)
#21 F:\xampp\htdocs\codeception.local\vendor\yiisoft\yii2\console\Application.php(147): yii\console\Application->runAction('migrate', Array)
#22 F:\xampp\htdocs\codeception.local\vendor\yiisoft\yii2\base\Application.php(386): yii\console\Application->handleRequest(Object(yii\console\Request))
#23 F:\xampp\htdocs\codeception.local\tests\bin\yii(23): yii\base\Application->run()
#24 {main}

Next yii\db\Exception: SQLSTATE[HY000] [14] unable to open database file in F:\xampp\htdocs\codeception.local\vendor\yiisoft\yii2\db\Connection.php:624
Stack trace:
#0 F:\xampp\htdocs\codeception.local\vendor\yiisoft\yii2\db\Connection.php(996): yii\db\Connection->open()
#1 F:\xampp\htdocs\codeception.local\vendor\yiisoft\yii2\db\Connection.php(983): yii\db\Connection->getMasterPdo()
#2 F:\xampp\htdocs\codeception.local\vendor\yiisoft\yii2\db\Command.php(253): yii\db\Connection->getSlavePdo()
#3 F:\xampp\htdocs\codeception.local\vendor\yiisoft\yii2\db\Command.php(1143): yii\db\Command->prepare(true)
#4 F:\xampp\htdocs\codeception.local\vendor\yiisoft\yii2\db\sqlite\Command.php(54): yii\db\Command->queryInternal('fetchAll', NULL)
#5 F:\xampp\htdocs\codeception.local\vendor\yiisoft\yii2\db\Command.php(399): yii\db\sqlite\Command->queryInternal('fetchAll', NULL)
#6 F:\xampp\htdocs\codeception.local\vendor\yiisoft\yii2\db\sqlite\Schema.php(229): yii\db\Command->queryAll()
#7 F:\xampp\htdocs\codeception.local\vendor\yiisoft\yii2\db\sqlite\Schema.php(99): yii\db\sqlite\Schema->findColumns(Object(yii\db\TableSchema))
#8 F:\xampp\htdocs\codeception.local\vendor\yiisoft\yii2\db\Schema.php(744): yii\db\sqlite\Schema->loadTableSchema('migration')
#9 F:\xampp\htdocs\codeception.local\vendor\yiisoft\yii2\db\Schema.php(194): yii\db\Schema->getTableMetadata('{{%migration}}', 'schema', true)
#10 F:\xampp\htdocs\codeception.local\vendor\yiisoft\yii2\console\controllers\MigrateController.php(210): yii\db\Schema->getTableSchema('{{%migration}}', true)
#11 F:\xampp\htdocs\codeception.local\vendor\yiisoft\yii2\console\controllers\BaseMigrateController.php(875): yii\console\controllers\MigrateController->getMigrationHistory(NULL)
#12 F:\xampp\htdocs\codeception.local\vendor\yiisoft\yii2\console\controllers\BaseMigrateController.php(166): yii\console\controllers\BaseMigrateController->getNewMigrations()
#13 [internal function]: yii\console\controllers\BaseMigrateController->actionUp(0)
#14 F:\xampp\htdocs\codeception.local\vendor\yiisoft\yii2\base\InlineAction.php(57): call_user_func_array(Array, Array)
#15 F:\xampp\htdocs\codeception.local\vendor\yiisoft\yii2\base\Controller.php(157): yii\base\InlineAction->runWithParams(Array)
#16 F:\xampp\htdocs\codeception.local\vendor\yiisoft\yii2\console\Controller.php(148): yii\base\Controller->runAction('', Array)
#17 F:\xampp\htdocs\codeception.local\vendor\yiisoft\yii2\base\Module.php(528): yii\console\Controller->runAction('', Array)
#18 F:\xampp\htdocs\codeception.local\vendor\yiisoft\yii2\console\Application.php(180): yii\base\Module->runAction('migrate', Array)
#19 F:\xampp\htdocs\codeception.local\vendor\yiisoft\yii2\console\Application.php(147): yii\console\Application->runAction('migrate', Array)
#20 F:\xampp\htdocs\codeception.local\vendor\yiisoft\yii2\base\Application.php(386): yii\console\Application->handleRequest(Object(yii\console\Request))
#21 F:\xampp\htdocs\codeception.local\tests\bin\yii(23): yii\base\Application->run()
#22 {main}
Additional Information:

2018-04-23 07:48:32 [-][-][-][info][application] $_GET = []

$_POST = []

$_FILES = []

$_COOKIE = []

$_SERVER = [
    'PROCESSOR_ARCHITEW6432' => 'AMD64'
    'PROMPT' => '$P$G'
    'USERDOMAIN_ROAMINGPROFILE' => 'DESKTOP-ECTIKE0'
    'LOCALAPPDATA' => 'C:\\Users\\NextGenThunder\\AppData\\Local'
    'PROCESSOR_LEVEL' => '6'
    'USERDOMAIN' => 'DESKTOP-ECTIKE0'
    'FPS_BROWSER_APP_PROFILE_STRING' => 'Internet Explorer'
    'LOGONSERVER' => '\\\\DESKTOP-ECTIKE0'
    'SESSIONNAME' => 'Console'
    'ALLUSERSPROFILE' => 'C:\\ProgramData'
    'PROCESSOR_ARCHITECTURE' => 'x86'
    'PSModulePath' => 'C:\\Program Files\\WindowsPowerShell\\Modules;C:\\Windows\\system32\\WindowsPowerShell\\v1.0\\Modules'
    'SystemDrive' => 'C:'
    'OneDrive' => 'C:\\Users\\NextGenThunder\\OneDrive'
    'APPDATA' => 'C:\\Users\\NextGenThunder\\AppData\\Roaming'
    'MOZ_PLUGIN_PATH' => 'C:\\Program Files (x86)\\Foxit Software\\Foxit Reader\\plugins\\'
    'GTK_BASEPATH' => 'C:\\Program Files (x86)\\GtkSharp\\2.12\\'
    'USERNAME' => 'NextGenThunder'
    'ProgramFiles(x86)' => 'C:\\Program Files (x86)'
    'VBOX_MSI_INSTALL_PATH' => 'C:\\Program Files\\Oracle\\VirtualBox\\'
    'CommonProgramFiles' => 'C:\\Program Files (x86)\\Common Files'
    'Path' => 'C:\\Windows\\system32;C:\\Windows;C:\\Windows\\System32\\Wbem;C:\\Windows\\System32\\WindowsPowerShell\\v1.0\\;C:\\Program Files (x86)\\NVIDIA Corporation\\PhysX\\Common;C:\\HashiCorp\\Vagrant\\bin;F:\\xampp\\php;C:\\Program Files (x86)\\GtkSharp\\2.12\\bin;F:\\composer;C:\\Users\\NextGenThunder\\AppData\\Local\\Microsoft\\WindowsApps;C:\\Users\\NextGenThunder\\AppData\\Roaming\\Composer\\vendor\\bin'
    'FPS_BROWSER_USER_PROFILE_STRING' => 'Default'
    'PATHEXT' => '.COM;.EXE;.BAT;.CMD;.VBS;.VBE;.JS;.JSE;.WSF;.WSH;.MSC'
    'OS' => 'Windows_NT'
    'COMPUTERNAME' => 'DESKTOP-ECTIKE0'
    'PROCESSOR_REVISION' => '9e09'
    'CommonProgramW6432' => 'C:\\Program Files\\Common Files'
    'ComSpec' => 'C:\\Windows\\system32\\cmd.exe'
    'ProgramData' => 'C:\\ProgramData'
    'ProgramW6432' => 'C:\\Program Files'
    'HOMEPATH' => '\\Users\\NextGenThunder'
    'SystemRoot' => 'C:\\Windows'
    'TEMP' => 'C:\\Users\\NEXTGE~1\\AppData\\Local\\Temp'
    'HOMEDRIVE' => 'C:'
    'PROCESSOR_IDENTIFIER' => 'Intel64 Family 6 Model 158 Stepping 9, GenuineIntel'
    'USERPROFILE' => 'C:\\Users\\NextGenThunder'
    'TMP' => 'C:\\Users\\NEXTGE~1\\AppData\\Local\\Temp'
    'CommonProgramFiles(x86)' => 'C:\\Program Files (x86)\\Common Files'
    'ProgramFiles' => 'C:\\Program Files (x86)'
    'PUBLIC' => 'C:\\Users\\Public'
    'NUMBER_OF_PROCESSORS' => '8'
    'windir' => 'C:\\Windows'
    'PHP_SELF' => 'tests/bin/yii'
    'SCRIPT_NAME' => 'tests/bin/yii'
    'SCRIPT_FILENAME' => 'tests/bin/yii'
    'PATH_TRANSLATED' => 'tests/bin/yii'
    'DOCUMENT_ROOT' => ''
    'REQUEST_TIME_FLOAT' => 1524462512.8442
    'REQUEST_TIME' => 1524462512
    'argv' => [
        0 => 'tests/bin/yii'
        1 => 'migrate'
    ]
    'argc' => 2
]
2018-04-23 08:08:14 [-][-][-][error][yii\console\UnknownCommandException] yii\base\InvalidRouteException: Unable to resolve the request "app.php". in F:\xampp\htdocs\codeception.local\vendor\yiisoft\yii2\base\Module.php:537
Stack trace:
#0 F:\xampp\htdocs\codeception.local\vendor\yiisoft\yii2\console\Application.php(180): yii\base\Module->runAction('app.php', Array)
#1 F:\xampp\htdocs\codeception.local\vendor\yiisoft\yii2\console\Application.php(147): yii\console\Application->runAction('app.php', Array)
#2 F:\xampp\htdocs\codeception.local\vendor\yiisoft\yii2\base\Application.php(386): yii\console\Application->handleRequest(Object(yii\console\Request))
#3 F:\xampp\htdocs\codeception.local\tests\bin\yii(23): yii\base\Application->run()
#4 {main}

Next yii\console\UnknownCommandException: Unknown command "app.php". in F:\xampp\htdocs\codeception.local\vendor\yiisoft\yii2\console\Application.php:183
Stack trace:
#0 F:\xampp\htdocs\codeception.local\vendor\yiisoft\yii2\console\Application.php(147): yii\console\Application->runAction('app.php', Array)
#1 F:\xampp\htdocs\codeception.local\vendor\yiisoft\yii2\base\Application.php(386): yii\console\Application->handleRequest(Object(yii\console\Request))
#2 F:\xampp\htdocs\codeception.local\tests\bin\yii(23): yii\base\Application->run()
#3 {main}
2018-04-23 08:08:14 [-][-][-][info][application] $_GET = []

$_POST = []

$_FILES = []

$_COOKIE = []

$_SERVER = [
    'PROCESSOR_ARCHITEW6432' => 'AMD64'
    'PROMPT' => '$P$G'
    'USERDOMAIN_ROAMINGPROFILE' => 'DESKTOP-ECTIKE0'
    'LOCALAPPDATA' => 'C:\\Users\\NextGenThunder\\AppData\\Local'
    'PROCESSOR_LEVEL' => '6'
    'USERDOMAIN' => 'DESKTOP-ECTIKE0'
    'FPS_BROWSER_APP_PROFILE_STRING' => 'Internet Explorer'
    'LOGONSERVER' => '\\\\DESKTOP-ECTIKE0'
    'SESSIONNAME' => 'Console'
    'ALLUSERSPROFILE' => 'C:\\ProgramData'
    'PROCESSOR_ARCHITECTURE' => 'x86'
    'PSModulePath' => 'C:\\Program Files\\WindowsPowerShell\\Modules;C:\\Windows\\system32\\WindowsPowerShell\\v1.0\\Modules'
    'SystemDrive' => 'C:'
    'OneDrive' => 'C:\\Users\\NextGenThunder\\OneDrive'
    'APPDATA' => 'C:\\Users\\NextGenThunder\\AppData\\Roaming'
    'MOZ_PLUGIN_PATH' => 'C:\\Program Files (x86)\\Foxit Software\\Foxit Reader\\plugins\\'
    'GTK_BASEPATH' => 'C:\\Program Files (x86)\\GtkSharp\\2.12\\'
    'USERNAME' => 'NextGenThunder'
    'ProgramFiles(x86)' => 'C:\\Program Files (x86)'
    'VBOX_MSI_INSTALL_PATH' => 'C:\\Program Files\\Oracle\\VirtualBox\\'
    'CommonProgramFiles' => 'C:\\Program Files (x86)\\Common Files'
    'Path' => 'C:\\Windows\\system32;C:\\Windows;C:\\Windows\\System32\\Wbem;C:\\Windows\\System32\\WindowsPowerShell\\v1.0\\;C:\\Program Files (x86)\\NVIDIA Corporation\\PhysX\\Common;C:\\HashiCorp\\Vagrant\\bin;F:\\xampp\\php;C:\\Program Files (x86)\\GtkSharp\\2.12\\bin;F:\\composer;C:\\Users\\NextGenThunder\\AppData\\Local\\Microsoft\\WindowsApps;C:\\Users\\NextGenThunder\\AppData\\Roaming\\Composer\\vendor\\bin'
    'FPS_BROWSER_USER_PROFILE_STRING' => 'Default'
    'PATHEXT' => '.COM;.EXE;.BAT;.CMD;.VBS;.VBE;.JS;.JSE;.WSF;.WSH;.MSC'
    'OS' => 'Windows_NT'
    'COMPUTERNAME' => 'DESKTOP-ECTIKE0'
    'PROCESSOR_REVISION' => '9e09'
    'CommonProgramW6432' => 'C:\\Program Files\\Common Files'
    'ComSpec' => 'C:\\Windows\\system32\\cmd.exe'
    'ProgramData' => 'C:\\ProgramData'
    'ProgramW6432' => 'C:\\Program Files'
    'HOMEPATH' => '\\Users\\NextGenThunder'
    'SystemRoot' => 'C:\\Windows'
    'TEMP' => 'C:\\Users\\NEXTGE~1\\AppData\\Local\\Temp'
    'HOMEDRIVE' => 'C:'
    'PROCESSOR_IDENTIFIER' => 'Intel64 Family 6 Model 158 Stepping 9, GenuineIntel'
    'USERPROFILE' => 'C:\\Users\\NextGenThunder'
    'TMP' => 'C:\\Users\\NEXTGE~1\\AppData\\Local\\Temp'
    'CommonProgramFiles(x86)' => 'C:\\Program Files (x86)\\Common Files'
    'ProgramFiles' => 'C:\\Program Files (x86)'
    'PUBLIC' => 'C:\\Users\\Public'
    'NUMBER_OF_PROCESSORS' => '8'
    'windir' => 'C:\\Windows'
    'PHP_SELF' => 'bin/yii'
    'SCRIPT_NAME' => 'bin/yii'
    'SCRIPT_FILENAME' => 'bin/yii'
    'PATH_TRANSLATED' => 'bin/yii'
    'DOCUMENT_ROOT' => ''
    'REQUEST_TIME_FLOAT' => 1524463694.3472
    'REQUEST_TIME' => 1524463694
    'argv' => [
        0 => 'bin/yii'
        1 => 'app.php'
    ]
    'argc' => 2
]
2018-04-23 11:36:41 [][-][-][error][yii\base\ErrorException:2] yii\base\ErrorException: The use statement with non-compound name 'Yii' has no effect in F:\xampp\htdocs\codeception.local\tests\unit\UserTest.php:5
Stack trace:
#0 F:\xampp\php\pear\PHPUnit\Util\Fileloader.php(92): yii\base\ErrorHandler->handleError(2, 'The use stateme...', 'F:\\xampp\\htdocs...', 5, Array)
#1 F:\xampp\php\pear\PHPUnit\Util\Fileloader.php(92): include_once()
#2 F:\xampp\php\pear\PHPUnit\Util\Fileloader.php(76): PHPUnit_Util_Fileloader::load('F:\\xampp\\htdocs...')
#3 F:\xampp\php\pear\PHPUnit\Framework\TestSuite.php(355): PHPUnit_Util_Fileloader::checkAndLoad('F:\\xampp\\htdocs...')
#4 F:\xampp\php\pear\PHPUnit\Framework\TestSuite.php(416): PHPUnit_Framework_TestSuite->addTestFile('F:\\xampp\\htdocs...')
#5 F:\xampp\php\pear\PHPUnit\Util\Configuration.php(873): PHPUnit_Framework_TestSuite->addTestFiles(Array)
#6 F:\xampp\php\pear\PHPUnit\Util\Configuration.php(789): PHPUnit_Util_Configuration->getTestSuite(Object(DOMElement), NULL)
#7 F:\xampp\php\pear\PHPUnit\TextUI\Command.php(657): PHPUnit_Util_Configuration->getTestSuiteConfiguration(NULL)
#8 F:\xampp\php\pear\PHPUnit\TextUI\Command.php(138): PHPUnit_TextUI_Command->handleArguments(Array)
#9 F:\xampp\php\pear\PHPUnit\TextUI\Command.php(129): PHPUnit_TextUI_Command->run(Array, true)
#10 F:\xampp\php\phpunit(46): PHPUnit_TextUI_Command::main()
#11 {main}
2018-04-23 11:36:41 [][-][-][info][application] $_GET = []

$_POST = []

$_FILES = []

$_COOKIE = []

$_SERVER = [
    'PHPBIN' => 'F:\\xampp\\php\\.\\php.exe'
    'PROCESSOR_ARCHITEW6432' => 'AMD64'
    'PROMPT' => '$P$G'
    'USERDOMAIN_ROAMINGPROFILE' => 'DESKTOP-ECTIKE0'
    'LOCALAPPDATA' => 'C:\\Users\\NextGenThunder\\AppData\\Local'
    'PROCESSOR_LEVEL' => '6'
    'USERDOMAIN' => 'DESKTOP-ECTIKE0'
    'FPS_BROWSER_APP_PROFILE_STRING' => 'Internet Explorer'
    'LOGONSERVER' => '\\\\DESKTOP-ECTIKE0'
    'SESSIONNAME' => 'Console'
    'ALLUSERSPROFILE' => 'C:\\ProgramData'
    'PROCESSOR_ARCHITECTURE' => 'x86'
    'PSModulePath' => 'C:\\Program Files\\WindowsPowerShell\\Modules;C:\\Windows\\system32\\WindowsPowerShell\\v1.0\\Modules'
    'SystemDrive' => 'C:'
    'OneDrive' => 'C:\\Users\\NextGenThunder\\OneDrive'
    'APPDATA' => 'C:\\Users\\NextGenThunder\\AppData\\Roaming'
    'MOZ_PLUGIN_PATH' => 'C:\\Program Files (x86)\\Foxit Software\\Foxit Reader\\plugins\\'
    'GTK_BASEPATH' => 'C:\\Program Files (x86)\\GtkSharp\\2.12\\'
    'USERNAME' => 'NextGenThunder'
    'ProgramFiles(x86)' => 'C:\\Program Files (x86)'
    'VBOX_MSI_INSTALL_PATH' => 'C:\\Program Files\\Oracle\\VirtualBox\\'
    'CommonProgramFiles' => 'C:\\Program Files (x86)\\Common Files'
    'Path' => 'C:\\Windows\\system32;C:\\Windows;C:\\Windows\\System32\\Wbem;C:\\Windows\\System32\\WindowsPowerShell\\v1.0\\;C:\\Program Files (x86)\\NVIDIA Corporation\\PhysX\\Common;C:\\HashiCorp\\Vagrant\\bin;F:\\xampp\\php;C:\\Program Files (x86)\\GtkSharp\\2.12\\bin;F:\\composer;C:\\Users\\NextGenThunder\\AppData\\Local\\Microsoft\\WindowsApps;C:\\Users\\NextGenThunder\\AppData\\Roaming\\Composer\\vendor\\bin'
    'FPS_BROWSER_USER_PROFILE_STRING' => 'Default'
    'PATHEXT' => '.COM;.EXE;.BAT;.CMD;.VBS;.VBE;.JS;.JSE;.WSF;.WSH;.MSC'
    'OS' => 'Windows_NT'
    'COMPUTERNAME' => 'DESKTOP-ECTIKE0'
    'PROCESSOR_REVISION' => '9e09'
    'CommonProgramW6432' => 'C:\\Program Files\\Common Files'
    'ComSpec' => 'C:\\Windows\\system32\\cmd.exe'
    'ProgramData' => 'C:\\ProgramData'
    'ProgramW6432' => 'C:\\Program Files'
    'HOMEPATH' => '\\Users\\NextGenThunder'
    'SystemRoot' => 'C:\\Windows'
    'TEMP' => 'C:\\Users\\NEXTGE~1\\AppData\\Local\\Temp'
    'HOMEDRIVE' => 'C:'
    'PROCESSOR_IDENTIFIER' => 'Intel64 Family 6 Model 158 Stepping 9, GenuineIntel'
    'USERPROFILE' => 'C:\\Users\\NextGenThunder'
    'TMP' => 'C:\\Users\\NEXTGE~1\\AppData\\Local\\Temp'
    'CommonProgramFiles(x86)' => 'C:\\Program Files (x86)\\Common Files'
    'ProgramFiles' => 'C:\\Program Files (x86)'
    'PUBLIC' => 'C:\\Users\\Public'
    'NUMBER_OF_PROCESSORS' => '8'
    'windir' => 'C:\\Windows'
    'PHP_SELF' => 'F:\\xampp\\php\\phpunit'
    'SCRIPT_NAME' => 'F:\\xampp\\php\\phpunit'
    'SCRIPT_FILENAME' => 'F:\\xampp\\php\\phpunit'
    'PATH_TRANSLATED' => 'F:\\xampp\\php\\phpunit'
    'DOCUMENT_ROOT' => ''
    'REQUEST_TIME_FLOAT' => 1524476200.8385
    'REQUEST_TIME' => 1524476200
    'argv' => [
        0 => 'F:\\xampp\\php\\phpunit'
    ]
    'argc' => 1
]
2018-04-23 11:37:48 [][-][-][error][yii\base\ErrorException:1] yii\base\ErrorException: Class 'PHPUnit\Framework\TestCase' not found in F:\xampp\htdocs\codeception.local\tests\unit\UserTest.php:6
Stack trace:
#0 [internal function]: yii\base\ErrorHandler->handleFatalError()
#1 {main}
2018-04-23 11:37:47 [][-][-][info][application] $_GET = []

$_POST = []

$_FILES = []

$_COOKIE = []

$_SERVER = [
    'PHPBIN' => 'F:\\xampp\\php\\.\\php.exe'
    'PROCESSOR_ARCHITEW6432' => 'AMD64'
    'PROMPT' => '$P$G'
    'USERDOMAIN_ROAMINGPROFILE' => 'DESKTOP-ECTIKE0'
    'LOCALAPPDATA' => 'C:\\Users\\NextGenThunder\\AppData\\Local'
    'PROCESSOR_LEVEL' => '6'
    'USERDOMAIN' => 'DESKTOP-ECTIKE0'
    'FPS_BROWSER_APP_PROFILE_STRING' => 'Internet Explorer'
    'LOGONSERVER' => '\\\\DESKTOP-ECTIKE0'
    'SESSIONNAME' => 'Console'
    'ALLUSERSPROFILE' => 'C:\\ProgramData'
    'PROCESSOR_ARCHITECTURE' => 'x86'
    'PSModulePath' => 'C:\\Program Files\\WindowsPowerShell\\Modules;C:\\Windows\\system32\\WindowsPowerShell\\v1.0\\Modules'
    'SystemDrive' => 'C:'
    'OneDrive' => 'C:\\Users\\NextGenThunder\\OneDrive'
    'APPDATA' => 'C:\\Users\\NextGenThunder\\AppData\\Roaming'
    'MOZ_PLUGIN_PATH' => 'C:\\Program Files (x86)\\Foxit Software\\Foxit Reader\\plugins\\'
    'GTK_BASEPATH' => 'C:\\Program Files (x86)\\GtkSharp\\2.12\\'
    'USERNAME' => 'NextGenThunder'
    'ProgramFiles(x86)' => 'C:\\Program Files (x86)'
    'VBOX_MSI_INSTALL_PATH' => 'C:\\Program Files\\Oracle\\VirtualBox\\'
    'CommonProgramFiles' => 'C:\\Program Files (x86)\\Common Files'
    'Path' => 'C:\\Windows\\system32;C:\\Windows;C:\\Windows\\System32\\Wbem;C:\\Windows\\System32\\WindowsPowerShell\\v1.0\\;C:\\Program Files (x86)\\NVIDIA Corporation\\PhysX\\Common;C:\\HashiCorp\\Vagrant\\bin;F:\\xampp\\php;C:\\Program Files (x86)\\GtkSharp\\2.12\\bin;F:\\composer;C:\\Users\\NextGenThunder\\AppData\\Local\\Microsoft\\WindowsApps;C:\\Users\\NextGenThunder\\AppData\\Roaming\\Composer\\vendor\\bin'
    'FPS_BROWSER_USER_PROFILE_STRING' => 'Default'
    'PATHEXT' => '.COM;.EXE;.BAT;.CMD;.VBS;.VBE;.JS;.JSE;.WSF;.WSH;.MSC'
    'OS' => 'Windows_NT'
    'COMPUTERNAME' => 'DESKTOP-ECTIKE0'
    'PROCESSOR_REVISION' => '9e09'
    'CommonProgramW6432' => 'C:\\Program Files\\Common Files'
    'ComSpec' => 'C:\\Windows\\system32\\cmd.exe'
    'ProgramData' => 'C:\\ProgramData'
    'ProgramW6432' => 'C:\\Program Files'
    'HOMEPATH' => '\\Users\\NextGenThunder'
    'SystemRoot' => 'C:\\Windows'
    'TEMP' => 'C:\\Users\\NEXTGE~1\\AppData\\Local\\Temp'
    'HOMEDRIVE' => 'C:'
    'PROCESSOR_IDENTIFIER' => 'Intel64 Family 6 Model 158 Stepping 9, GenuineIntel'
    'USERPROFILE' => 'C:\\Users\\NextGenThunder'
    'TMP' => 'C:\\Users\\NEXTGE~1\\AppData\\Local\\Temp'
    'CommonProgramFiles(x86)' => 'C:\\Program Files (x86)\\Common Files'
    'ProgramFiles' => 'C:\\Program Files (x86)'
    'PUBLIC' => 'C:\\Users\\Public'
    'NUMBER_OF_PROCESSORS' => '8'
    'windir' => 'C:\\Windows'
    'PHP_SELF' => 'F:\\xampp\\php\\phpunit'
    'SCRIPT_NAME' => 'F:\\xampp\\php\\phpunit'
    'SCRIPT_FILENAME' => 'F:\\xampp\\php\\phpunit'
    'PATH_TRANSLATED' => 'F:\\xampp\\php\\phpunit'
    'DOCUMENT_ROOT' => ''
    'REQUEST_TIME_FLOAT' => 1524476267.9596
    'REQUEST_TIME' => 1524476267
    'argv' => [
        0 => 'F:\\xampp\\php\\phpunit'
    ]
    'argc' => 1
]
2018-04-23 11:45:52 [][-][-][error][ParseError] ParseError: syntax error, unexpected 'tests' (T_STRING) in F:\xampp\htdocs\codeception.local\tests\unit\UserTest.php:3
Stack trace:
#0 F:\xampp\php\pear\PHPUnit\Util\Fileloader.php(76): PHPUnit_Util_Fileloader::load('F:\\xampp\\htdocs...')
#1 F:\xampp\php\pear\PHPUnit\Runner\StandardTestSuiteLoader.php(77): PHPUnit_Util_Fileloader::checkAndLoad('F:\\xampp\\htdocs...')
#2 F:\xampp\php\pear\PHPUnit\Runner\BaseTestRunner.php(168): PHPUnit_Runner_StandardTestSuiteLoader->load('tests/unit/User...', 'F:\\xampp\\htdocs...')
#3 F:\xampp\php\pear\PHPUnit\Runner\BaseTestRunner.php(103): PHPUnit_Runner_BaseTestRunner->loadSuiteClass('tests/unit/User...', 'F:\\xampp\\htdocs...')
#4 F:\xampp\php\pear\PHPUnit\TextUI\Command.php(149): PHPUnit_Runner_BaseTestRunner->getTest('tests/unit/User...', 'F:\\xampp\\htdocs...', Array)
#5 F:\xampp\php\pear\PHPUnit\TextUI\Command.php(129): PHPUnit_TextUI_Command->run(Array, true)
#6 F:\xampp\php\phpunit(46): PHPUnit_TextUI_Command::main()
#7 {main}
2018-04-23 11:45:52 [][-][-][info][application] $_GET = []

$_POST = []

$_FILES = []

$_COOKIE = []

$_SERVER = [
    'PHPBIN' => 'F:\\xampp\\php\\.\\php.exe'
    'PROCESSOR_ARCHITEW6432' => 'AMD64'
    'PROMPT' => '$P$G'
    'USERDOMAIN_ROAMINGPROFILE' => 'DESKTOP-ECTIKE0'
    'LOCALAPPDATA' => 'C:\\Users\\NextGenThunder\\AppData\\Local'
    'PROCESSOR_LEVEL' => '6'
    'USERDOMAIN' => 'DESKTOP-ECTIKE0'
    'FPS_BROWSER_APP_PROFILE_STRING' => 'Internet Explorer'
    'LOGONSERVER' => '\\\\DESKTOP-ECTIKE0'
    'SESSIONNAME' => 'Console'
    'ALLUSERSPROFILE' => 'C:\\ProgramData'
    'PROCESSOR_ARCHITECTURE' => 'x86'
    'PSModulePath' => 'C:\\Program Files\\WindowsPowerShell\\Modules;C:\\Windows\\system32\\WindowsPowerShell\\v1.0\\Modules'
    'SystemDrive' => 'C:'
    'OneDrive' => 'C:\\Users\\NextGenThunder\\OneDrive'
    'APPDATA' => 'C:\\Users\\NextGenThunder\\AppData\\Roaming'
    'MOZ_PLUGIN_PATH' => 'C:\\Program Files (x86)\\Foxit Software\\Foxit Reader\\plugins\\'
    'GTK_BASEPATH' => 'C:\\Program Files (x86)\\GtkSharp\\2.12\\'
    'USERNAME' => 'NextGenThunder'
    'ProgramFiles(x86)' => 'C:\\Program Files (x86)'
    'VBOX_MSI_INSTALL_PATH' => 'C:\\Program Files\\Oracle\\VirtualBox\\'
    'CommonProgramFiles' => 'C:\\Program Files (x86)\\Common Files'
    'Path' => 'C:\\Windows\\system32;C:\\Windows;C:\\Windows\\System32\\Wbem;C:\\Windows\\System32\\WindowsPowerShell\\v1.0\\;C:\\Program Files (x86)\\NVIDIA Corporation\\PhysX\\Common;C:\\HashiCorp\\Vagrant\\bin;F:\\xampp\\php;C:\\Program Files (x86)\\GtkSharp\\2.12\\bin;F:\\composer;C:\\Users\\NextGenThunder\\AppData\\Local\\Microsoft\\WindowsApps;C:\\Users\\NextGenThunder\\AppData\\Roaming\\Composer\\vendor\\bin'
    'FPS_BROWSER_USER_PROFILE_STRING' => 'Default'
    'PATHEXT' => '.COM;.EXE;.BAT;.CMD;.VBS;.VBE;.JS;.JSE;.WSF;.WSH;.MSC'
    'OS' => 'Windows_NT'
    'COMPUTERNAME' => 'DESKTOP-ECTIKE0'
    'PROCESSOR_REVISION' => '9e09'
    'CommonProgramW6432' => 'C:\\Program Files\\Common Files'
    'ComSpec' => 'C:\\Windows\\system32\\cmd.exe'
    'ProgramData' => 'C:\\ProgramData'
    'ProgramW6432' => 'C:\\Program Files'
    'HOMEPATH' => '\\Users\\NextGenThunder'
    'SystemRoot' => 'C:\\Windows'
    'TEMP' => 'C:\\Users\\NEXTGE~1\\AppData\\Local\\Temp'
    'HOMEDRIVE' => 'C:'
    'PROCESSOR_IDENTIFIER' => 'Intel64 Family 6 Model 158 Stepping 9, GenuineIntel'
    'USERPROFILE' => 'C:\\Users\\NextGenThunder'
    'TMP' => 'C:\\Users\\NEXTGE~1\\AppData\\Local\\Temp'
    'CommonProgramFiles(x86)' => 'C:\\Program Files (x86)\\Common Files'
    'ProgramFiles' => 'C:\\Program Files (x86)'
    'PUBLIC' => 'C:\\Users\\Public'
    'NUMBER_OF_PROCESSORS' => '8'
    'windir' => 'C:\\Windows'
    'PHP_SELF' => 'F:\\xampp\\php\\phpunit'
    'SCRIPT_NAME' => 'F:\\xampp\\php\\phpunit'
    'SCRIPT_FILENAME' => 'F:\\xampp\\php\\phpunit'
    'PATH_TRANSLATED' => 'F:\\xampp\\php\\phpunit'
    'DOCUMENT_ROOT' => ''
    'REQUEST_TIME_FLOAT' => 1524476752.1439
    'REQUEST_TIME' => 1524476752
    'argv' => [
        0 => 'F:\\xampp\\php\\phpunit'
        1 => 'tests/unit/UserTest.php'
    ]
    'argc' => 2
]
